{"level":"info","message":"\n\nServer is up 🚀\n","service":"user-service"}
{"level":"info","message":"\n💫 DB Connected 💫\n","service":"user-service"}
[32minfo[39m:    

Server is up 🚀

[32minfo[39m:    
💫 DB Connected 💫

{"level":"info","message":"\n\nServer is up 🚀\n","service":"user-service"}
{"level":"info","message":"\n💫 DB Connected 💫\n","service":"user-service"}
[32minfo[39m:    

Server is up 🚀

[32minfo[39m:    
💫 DB Connected 💫

[32minfo[39m:    

Server is up 🚀

[32minfo[39m:    
💫 DB Connected 💫

[32minfo[39m:    

Server is up 🚀

[32minfo[39m:    
💫 DB Connected 💫

[2024-01-15 10:27:08.052 AM] [32minfo[39m: 	[32mInfo message[39m
[2024-01-15 10:27:08.055 AM] [31merror[39m: 	[31mError message[39m
[2024-01-15 10:27:08.056 AM] [33mwarn[39m: 	[33mWarning message[39m
[2024-01-15 10:27:08.073 AM] [32minfo[39m: 	[32m[39m

[32mServer is up 🚀[39m
[32m[39m
[2024-01-15 10:27:08.198 AM] [32minfo[39m: 	[32m[39m
[32m💫 DB Connected 💫[39m
[32m[39m
[2024-01-15 10:33:52.508 AM] [32minfo[39m: 	[32mInfo message[39m
[2024-01-15 10:33:52.513 AM] [31merror[39m: 	[31mError message[39m
[2024-01-15 10:33:52.514 AM] [33mwarn[39m: 	[33mWarning message[39m
[2024-01-15 10:33:52.531 AM] [32minfo[39m: 	[32m[39m

[32mServer is up 🚀[39m
[32m[39m
[2024-01-15 10:33:52.653 AM] [32minfo[39m: 	[32m[39m
[32m💫 DB Connected 💫[39m
[32m[39m
[2024-01-15 10:35:10.801 AM] [32minfo[39m: 	[32mInfo message[39m
[2024-01-15 10:35:10.805 AM] [31merror[39m: 	[31mError message[39m
[2024-01-15 10:35:10.805 AM] [33mwarn[39m: 	[33mWarning message[39m
[2024-01-15 10:35:10.825 AM] [32minfo[39m: 	[32m[39m

[32mServer is up 🚀[39m
[32m[39m
[2024-01-15 10:35:10.977 AM] [32minfo[39m: 	[32m[39m
[32m💫 DB Connected 💫[39m
[32m[39m
[2024-01-15 10:45:32.075 AM] [32minfo[39m: 	[32mInfo message[39m
[2024-01-15 10:45:32.079 AM] [31merror[39m: 	[31mError message[39m
[2024-01-15 10:45:32.080 AM] [33mwarn[39m: 	[33mWarning message[39m
[2024-01-15 10:45:32.111 AM] [32minfo[39m: 	[32m[39m

[32mServer is up 🚀[39m
[32m[39m
[2024-01-15 10:45:32.298 AM] [32minfo[39m: 	[32m[39m
[32m💫 DB Connected 💫[39m
[32m[39m
[2024-01-15 10:49:33.362 AM] [32minfo[39m: 	[32mInfo message[39m
[2024-01-15 10:49:33.365 AM] [31merror[39m: 	[31mError message[39m
[2024-01-15 10:49:33.366 AM] [33mwarn[39m: 	[33mWarning message[39m
[2024-01-15 10:49:33.386 AM] [32minfo[39m: 	[32m[39m

[32mServer is up 🚀[39m
[32m[39m
[2024-01-15 10:49:33.549 AM] [32minfo[39m: 	[32m[39m
[32m💫 DB Connected 💫[39m
[32m[39m
[2024-01-15 11:00:37.826 AM] [32minfo[39m: 	[32mInfo message[39m
[2024-01-15 11:00:37.830 AM] [31merror[39m: 	[31mError message[39m
[2024-01-15 11:00:37.831 AM] [33mwarn[39m: 	[33mWarning message[39m
[2024-01-15 11:00:37.856 AM] [32minfo[39m: 	[32m[39m

[32mServer is up 🚀[39m
[32m[39m
[2024-01-15 11:00:37.990 AM] [32minfo[39m: 	[32m[39m
[32m💫 DB Connected 💫[39m
[32m[39m
[2024-01-15 11:02:04.487 AM] [32minfo[39m: 	[32mInfo message[39m
[2024-01-15 11:02:04.492 AM] [31merror[39m: 	[31mError message[39m
[2024-01-15 11:02:04.493 AM] [33mwarn[39m: 	[33mWarning message[39m
[2024-01-15 11:02:04.513 AM] [32minfo[39m: 	[32m[39m

[32mServer is up 🚀[39m
[32m[39m
[2024-01-15 11:02:04.641 AM] [32minfo[39m: 	[32m[39m
[32m💫 DB Connected 💫[39m
[32m[39m
[2024-01-15 11:05:54.486 AM] [32minfo[39m: 	[32mInfo message[39m
[2024-01-15 11:05:54.490 AM] [31merror[39m: 	[31mError message[39m
[2024-01-15 11:05:54.491 AM] [33mwarn[39m: 	[33mWarning message[39m
[2024-01-15 11:05:54.514 AM] [32minfo[39m: 	[32m[39m

[32mServer is up 🚀[39m
[32m[39m
[2024-01-15 11:05:54.652 AM] [32minfo[39m: 	[32m[39m
[32m💫 DB Connected 💫[39m
[32m[39m
[2024-01-15 11:06:21.843 AM] [32minfo[39m: 	[32mInfo message[39m
[2024-01-15 11:06:21.846 AM] [31merror[39m: 	[31mError message[39m
[2024-01-15 11:06:21.847 AM] [33mwarn[39m: 	[33mWarning message[39m
[2024-01-15 11:06:21.868 AM] [32minfo[39m: 	[32m[39m

[32mServer is up 🚀[39m
[32m[39m
[2024-01-15 11:06:22.002 AM] [32minfo[39m: 	[32m[39m
[32m💫 DB Connected 💫[39m
[32m[39m
[2024-01-15 11:07:04.182 AM] [32minfo[39m: 	[32mInfo message[39m
[2024-01-15 11:07:04.186 AM] [31merror[39m: 	[31mError message[39m
[2024-01-15 11:07:04.187 AM] [33mwarn[39m: 	[33mWarning message[39m
[2024-01-15 11:07:04.211 AM] [32minfo[39m: 	[32m[39m

[32mServer is up 🚀[39m
[32m[39m
[2024-01-15 11:07:04.368 AM] [32minfo[39m: 	[32m[39m
[32m💫 DB Connected 💫[39m
[32m[39m
[2024-01-15 11:08:15.072 AM] [32minfo[39m: 	[32mInfo message[39m
[2024-01-15 11:08:15.077 AM] [31merror[39m: 	[31mError message[39m
[2024-01-15 11:08:15.078 AM] [33mwarn[39m: 	[33mWarning message[39m
[2024-01-15 11:08:15.104 AM] [32minfo[39m: 	[32m[39m

[32mServer is up 🚀[39m
[32m[39m
[2024-01-15 11:08:15.247 AM] [32minfo[39m: 	[32m[39m
[32m💫 DB Connected 💫[39m
[32m[39m
[2024-01-15 11:09:41.345 AM] [32minfo[39m: 	[32mInfo message[39m
[2024-01-15 11:09:41.350 AM] [31merror[39m: 	[31mError message[39m
[2024-01-15 11:09:41.351 AM] [33mwarn[39m: 	[33mWarning message[39m
[2024-01-15 11:09:41.374 AM] [32minfo[39m: 	[32m[39m

[32mServer is up 🚀[39m
[32m[39m
[2024-01-15 11:09:41.504 AM] [32minfo[39m: 	[32m[39m
[32m💫 DB Connected 💫[39m
[32m[39m
[2024-01-15 11:11:25.526 AM] [32minfo[39m: 	[32mInfo message[39m
[2024-01-15 11:11:25.530 AM] [31merror[39m: 	[31mError message[39m
[2024-01-15 11:11:25.531 AM] [33mwarn[39m: 	[33mWarning message[39m
[2024-01-15 11:11:25.548 AM] [32minfo[39m: 	[32m[39m

[32mServer is up 🚀[39m
[32m[39m
[2024-01-15 11:11:25.656 AM] [32minfo[39m: 	[32m[39m
[32m💫 DB Connected 💫[39m
[32m[39m
[2024-01-15 11:22:13.653 AM] [32minfo[39m: 	[32mInfo message[39m
[2024-01-15 11:22:13.660 AM] [31merror[39m: 	[31mError message[39m
[2024-01-15 11:22:13.661 AM] [33mwarn[39m: 	[33mWarning message[39m
[2024-01-15 11:22:13.700 AM] [32minfo[39m: 	[32m[39m

[32mServer is up 🚀[39m
[32m[39m
[2024-01-15 11:22:13.908 AM] [32minfo[39m: 	[32m[39m
[32m💫 DB Connected 💫[39m
[32m[39m
[2024-01-15 11:22:42.010 AM] [32minfo[39m: 	[32mInfo message[39m
[2024-01-15 11:22:42.013 AM] [31merror[39m: 	[31mError message[39m
[2024-01-15 11:22:42.014 AM] [33mwarn[39m: 	[33mWarning message[39m
[2024-01-15 11:22:42.032 AM] [32minfo[39m: 	[32m[39m

[32mServer is up 🚀[39m
[32m[39m
[2024-01-15 11:22:42.152 AM] [32minfo[39m: 	[32m[39m
[32m💫 DB Connected 💫[39m
[32m[39m
[2024-01-15 11:24:33.226 AM] [32minfo[39m: 	[32mInfo message[39m
[2024-01-15 11:24:33.231 AM] [31merror[39m: 	[31mError message[39m
[2024-01-15 11:24:33.232 AM] [33mwarn[39m: 	[33mWarning message[39m
[2024-01-15 11:24:33.251 AM] [32minfo[39m: 	[32m[39m

[32mServer is up 🚀[39m
[32m[39m
[2024-01-15 11:24:33.442 AM] [32minfo[39m: 	[32m[39m
[32m💫 DB Connected 💫[39m
[32m[39m
[2024-01-15 11:25:03.554 AM] [32minfo[39m: 	[32mInfo message[39m
[2024-01-15 11:25:03.558 AM] [31merror[39m: 	[31mError message[39m
[2024-01-15 11:25:03.558 AM] [33mwarn[39m: 	[33mWarning message[39m
[2024-01-15 11:25:03.576 AM] [32minfo[39m: 	[32m[39m

[32mServer is up 🚀[39m
[32m[39m
[2024-01-15 11:25:03.728 AM] [32minfo[39m: 	[32m[39m
[32m💫 DB Connected 💫[39m
[32m[39m
[2024-01-15 11:25:30.023 AM] [32minfo[39m: 	[32mInfo message[39m
[2024-01-15 11:25:30.027 AM] [31merror[39m: 	[31mError message[39m
[2024-01-15 11:25:30.028 AM] [33mwarn[39m: 	[33mWarning message[39m
[2024-01-15 11:25:30.045 AM] [32minfo[39m: 	[32m[39m

[32mServer is up 🚀[39m
[32m[39m
[2024-01-15 11:25:30.171 AM] [32minfo[39m: 	[32m[39m
[32m💫 DB Connected 💫[39m
[32m[39m
[2024-01-15 11:25:48.894 AM] [32minfo[39m: 	[32mInfo message[39m
[2024-01-15 11:25:48.898 AM] [31merror[39m: 	[31mError message[39m
[2024-01-15 11:25:48.899 AM] [33mwarn[39m: 	[33mWarning message[39m
[2024-01-15 11:25:48.920 AM] [32minfo[39m: 	[32m[39m

[32mServer is up 🚀[39m
[32m[39m
[2024-01-15 11:25:49.096 AM] [32minfo[39m: 	[32m[39m
[32m💫 DB Connected 💫[39m
[32m[39m
[2024-01-15 11:26:15.655 AM] [32minfo[39m: 	[32mInfo message[39m
[2024-01-15 11:26:15.659 AM] [31merror[39m: 	[31mError message[39m
[2024-01-15 11:26:15.660 AM] [33mwarn[39m: 	[33mWarning message[39m
[2024-01-15 11:26:15.679 AM] [32minfo[39m: 	[32m[39m

[32mServer is up 🚀[39m
[32m[39m
[2024-01-15 11:26:15.801 AM] [32minfo[39m: 	[32m[39m
[32m💫 DB Connected 💫[39m
[32m[39m
[2024-01-15 11:27:29.496 AM] [32minfo[39m: 	[32mInfo message[39m
[2024-01-15 11:27:29.499 AM] [31merror[39m: 	[31mError message[39m
[2024-01-15 11:27:29.500 AM] [33mwarn[39m: 	[33mWarning message[39m
[2024-01-15 11:27:29.522 AM] [32minfo[39m: 	[32m[39m

[32mServer is up 🚀[39m
[32m[39m
[2024-01-15 11:27:29.634 AM] [32minfo[39m: 	[32m[39m
[32m💫 DB Connected 💫[39m
[32m[39m
[2024-01-15 11:28:14.998 AM] [32minfo[39m: 	[32mInfo message[39m
[2024-01-15 11:28:15.003 AM] [31merror[39m: 	[31mError message[39m
[2024-01-15 11:28:15.005 AM] [33mwarn[39m: 	[33mWarning message[39m
[2024-01-15 11:28:15.024 AM] [32minfo[39m: 	[32m[39m

[32mServer is up 🚀[39m
[32m[39m
[2024-01-15 11:28:15.136 AM] [32minfo[39m: 	[32m[39m
[32m💫 DB Connected 💫[39m
[32m[39m
[2024-01-15 11:28:37.169 AM] [32minfo[39m: 	[32mInfo message[39m
[2024-01-15 11:28:37.173 AM] [31merror[39m: 	[31mError message[39m
[2024-01-15 11:28:37.174 AM] [33mwarn[39m: 	[33mWarning message[39m
[2024-01-15 11:28:37.193 AM] [32minfo[39m: 	[32m[39m

[32mServer is up 🚀[39m
[32m[39m
[2024-01-15 11:28:37.300 AM] [32minfo[39m: 	[32m[39m
[32m💫 DB Connected 💫[39m
[32m[39m
[2024-01-15 11:30:45.796 AM] [32minfo[39m: 	[32mInfo message[39m
[2024-01-15 11:30:45.799 AM] [31merror[39m: 	[31mError message[39m
[2024-01-15 11:30:45.800 AM] [33mwarn[39m: 	[33mWarning message[39m
[2024-01-15 11:30:45.819 AM] [32minfo[39m: 	[32m[39m

[32mServer is up 🚀[39m
[32m[39m
[2024-01-15 11:30:45.941 AM] [32minfo[39m: 	[32m[39m
[32m💫 DB Connected 💫[39m
[32m[39m
[2024-01-15 11:30:57.419 AM] [32minfo[39m: 	[32mInfo message[39m
[2024-01-15 11:30:57.422 AM] [31merror[39m: 	[31mError message[39m
[2024-01-15 11:30:57.423 AM] [33mwarn[39m: 	[33mWarning message[39m
[2024-01-15 11:30:57.440 AM] [32minfo[39m: 	[32m[39m

[32mServer is up 🚀[39m
[32m[39m
[2024-01-15 11:30:57.573 AM] [32minfo[39m: 	[32m[39m
[32m💫 DB Connected 💫[39m
[32m[39m
[2024-01-15 11:32:07.009 AM] [32minfo[39m: 	[32mInfo message[39m
[2024-01-15 11:32:07.013 AM] [31merror[39m: 	[31mError message[39m
[2024-01-15 11:32:07.013 AM] [33mwarn[39m: 	[33mWarning message[39m
[2024-01-15 11:32:07.031 AM] [32minfo[39m: 	[32m[39m

[32mServer is up 🚀[39m
[32m[39m
[2024-01-15 11:32:07.179 AM] [32minfo[39m: 	[32m[39m
[32m💫 DB Connected 💫[39m
[32m[39m
[2024-01-15 11:32:36.003 AM] [32minfo[39m: 	[32mInfo message[39m
[2024-01-15 11:32:36.007 AM] [31merror[39m: 	[31mError message[39m
[2024-01-15 11:32:36.008 AM] [33mwarn[39m: 	[33mWarning message[39m
[2024-01-15 11:32:36.030 AM] [32minfo[39m: 	[32m[39m

[32mServer is up 🚀[39m
[32m[39m
[2024-01-15 11:32:36.211 AM] [32minfo[39m: 	[32m[39m
[32m💫 DB Connected 💫[39m
[32m[39m
[2024-01-15 11:37:54.224 AM] [32minfo[39m: 	[32mInfo message[39m
[2024-01-15 11:37:54.228 AM] [31merror[39m: 	[31mError message[39m
[2024-01-15 11:37:54.228 AM] [33mwarn[39m: 	[33mWarning message[39m
[2024-01-15 11:37:54.246 AM] [32minfo[39m: 	[32m[39m

[32mServer is up 🚀[39m
[32m[39m
[2024-01-15 11:37:54.354 AM] [32minfo[39m: 	[32m[39m
[32m💫 DB Connected 💫[39m
[32m[39m
[2024-01-15 11:38:59.605 AM] [32minfo[39m: 	[32mInfo message[39m
[2024-01-15 11:38:59.608 AM] [31merror[39m: 	[31mError message[39m
[2024-01-15 11:38:59.609 AM] [33mwarn[39m: 	[33mWarning message[39m
[2024-01-15 11:38:59.630 AM] [32minfo[39m: 	[32m[39m

[32mServer is up 🚀[39m
[32m[39m
[2024-01-15 11:38:59.754 AM] [32minfo[39m: 	[32m[39m
[32m💫 DB Connected 💫[39m
[32m[39m
[2024-01-15 11:41:17.397 AM] [32minfo[39m: 	[32mInfo message[39m
[2024-01-15 11:41:17.400 AM] [31merror[39m: 	[31mError message[39m
[2024-01-15 11:41:17.401 AM] [33mwarn[39m: 	[33mWarning message[39m
[2024-01-15 11:41:17.420 AM] [32minfo[39m: 	[32m[39m

[32mServer is up 🚀[39m
[32m[39m
[2024-01-15 11:41:17.582 AM] [32minfo[39m: 	[32m[39m
[32m💫 DB Connected 💫[39m
[32m[39m
[2024-01-15 11:41:36.020 AM] [32minfo[39m: 	[32mInfo message[39m
[2024-01-15 11:41:36.026 AM] [31merror[39m: 	[31mError message[39m
[2024-01-15 11:41:36.027 AM] [33mwarn[39m: 	[33mWarning message[39m
[2024-01-15 11:41:36.051 AM] [32minfo[39m: 	[32m[39m

[32mServer is up 🚀[39m
[32m[39m
[2024-01-15 11:41:36.224 AM] [32minfo[39m: 	[32m[39m
[32m💫 DB Connected 💫[39m
[32m[39m
[2024-01-15 11:48:19.931 AM] [32minfo[39m: 	[32mInfo message[39m
[2024-01-15 11:48:19.934 AM] [31merror[39m: 	[31mError message[39m
[2024-01-15 11:48:19.935 AM] [33mwarn[39m: 	[33mWarning message[39m
[2024-01-15 11:48:19.954 AM] [32minfo[39m: 	[32m[39m

[32mServer is up 🚀[39m
[32m[39m
[2024-01-15 11:48:20.094 AM] [32minfo[39m: 	[32m[39m
[32m💫 DB Connected 💫[39m
[32m[39m
[2024-01-15 11:50:31.350 AM] [32minfo[39m: 	[32mInfo message[39m
[2024-01-15 11:50:31.355 AM] [31merror[39m: 	[31mError message[39m
[2024-01-15 11:50:31.357 AM] [33mwarn[39m: 	[33mWarning message[39m
[2024-01-15 11:50:31.383 AM] [32minfo[39m: 	[32m[39m

[32mServer is up 🚀[39m
[32m[39m
[2024-01-15 11:50:31.498 AM] [32minfo[39m: 	[32m[39m
[32m💫 DB Connected 💫[39m
[32m[39m
[2024-01-15 11:50:56.961 AM] [32minfo[39m: 	[32mInfo message[39m
[2024-01-15 11:50:56.964 AM] [31merror[39m: 	[31mError message[39m
[2024-01-15 11:50:56.965 AM] [33mwarn[39m: 	[33mWarning message[39m
[2024-01-15 11:50:56.985 AM] [32minfo[39m: 	[32m[39m

[32mServer is up 🚀[39m
[32m[39m
[2024-01-15 11:50:57.160 AM] [32minfo[39m: 	[32m[39m
[32m💫 DB Connected 💫[39m
[32m[39m
[2024-01-15 11:53:28.261 AM] [32minfo[39m: 	[32mInfo message[39m
[2024-01-15 11:53:28.264 AM] [31merror[39m: 	[31mError message[39m
[2024-01-15 11:53:28.265 AM] [33mwarn[39m: 	[33mWarning message[39m
[2024-01-15 11:53:28.282 AM] [32minfo[39m: 	[32m[39m

[32mServer is up 🚀[39m
[32m[39m
[2024-01-15 11:53:28.420 AM] [32minfo[39m: 	[32m[39m
[32m💫 DB Connected 💫[39m
[32m[39m
[2024-01-15 11:53:50.216 AM] [32minfo[39m: 	[32mInfo message[39m
[2024-01-15 11:53:50.220 AM] [31merror[39m: 	[31mError message[39m
[2024-01-15 11:53:50.221 AM] [33mwarn[39m: 	[33mWarning message[39m
[2024-01-15 11:53:50.239 AM] [32minfo[39m: 	[32m[39m

[32mServer is up 🚀[39m
[32m[39m
[2024-01-15 11:53:50.361 AM] [32minfo[39m: 	[32m[39m
[32m💫 DB Connected 💫[39m
[32m[39m
[2024-01-15 12:11:28.375 PM] [32minfo[39m: 	[32mInfo message[39m
[2024-01-15 12:11:28.378 PM] [31merror[39m: 	[31mError message[39m
[2024-01-15 12:11:28.379 PM] [33mwarn[39m: 	[33mWarning message[39m
[2024-01-15 12:11:28.398 PM] [32minfo[39m: 	[32m[39m

[32mServer is up 🚀[39m
[32m[39m
[2024-01-15 12:11:28.523 PM] [32minfo[39m: 	[32m[39m
[32m💫 DB Connected 💫[39m
[32m[39m
[2024-01-15 12:12:23.895 PM] [32minfo[39m: 	[32mInfo message[39m
[2024-01-15 12:12:23.898 PM] [31merror[39m: 	[31mError message[39m
[2024-01-15 12:12:23.899 PM] [33mwarn[39m: 	[33mWarning message[39m
[2024-01-15 12:12:23.917 PM] [32minfo[39m: 	[32m[39m

[32mServer is up 🚀[39m
[32m[39m
[2024-01-15 12:12:24.030 PM] [32minfo[39m: 	[32m[39m
[32m💫 DB Connected 💫[39m
[32m[39m
[2024-01-15 12:13:29.525 PM] [32minfo[39m: 	[32mInfo message[39m
[2024-01-15 12:13:29.529 PM] [31merror[39m: 	[31mError message[39m
[2024-01-15 12:13:29.530 PM] [33mwarn[39m: 	[33mWarning message[39m
[2024-01-15 12:13:29.547 PM] [32minfo[39m: 	[32m[39m

[32mServer is up 🚀[39m
[32m[39m
[2024-01-15 12:13:29.649 PM] [32minfo[39m: 	[32m[39m
[32m💫 DB Connected 💫[39m
[32m[39m
[2024-01-15 12:13:57.752 PM] [32minfo[39m: 	[32mInfo message[39m
[2024-01-15 12:13:57.756 PM] [31merror[39m: 	[31mError message[39m
[2024-01-15 12:13:57.757 PM] [33mwarn[39m: 	[33mWarning message[39m
[2024-01-15 12:13:57.774 PM] [32minfo[39m: 	[32m[39m

[32mServer is up 🚀[39m
[32m[39m
[2024-01-15 12:13:57.926 PM] [32minfo[39m: 	[32m[39m
[32m💫 DB Connected 💫[39m
[32m[39m
[2024-01-15 12:14:08.893 PM] [32minfo[39m: 	[32mInfo message[39m
[2024-01-15 12:14:08.897 PM] [31merror[39m: 	[31mError message[39m
[2024-01-15 12:14:08.898 PM] [33mwarn[39m: 	[33mWarning message[39m
[2024-01-15 12:14:08.916 PM] [32minfo[39m: 	[32m[39m

[32mServer is up 🚀[39m
[32m[39m
[2024-01-15 12:14:09.035 PM] [32minfo[39m: 	[32m[39m
[32m💫 DB Connected 💫[39m
[32m[39m
[2024-01-15 12:14:33.656 PM] [32minfo[39m: 	[32mInfo message[39m
[2024-01-15 12:14:33.659 PM] [31merror[39m: 	[31mError message[39m
[2024-01-15 12:14:33.660 PM] [33mwarn[39m: 	[33mWarning message[39m
[2024-01-15 12:14:33.679 PM] [32minfo[39m: 	[32m[39m

[32mServer is up 🚀[39m
[32m[39m
[2024-01-15 12:14:33.864 PM] [32minfo[39m: 	[32m[39m
[32m💫 DB Connected 💫[39m
[32m[39m
[2024-01-15 12:16:04.956 PM] [32minfo[39m: 	[32mInfo message[39m
[2024-01-15 12:16:04.960 PM] [31merror[39m: 	[31mError message[39m
[2024-01-15 12:16:04.961 PM] [33mwarn[39m: 	[33mWarning message[39m
[2024-01-15 12:16:04.981 PM] [32minfo[39m: 	[32m[39m

[32mServer is up 🚀[39m
[32m[39m
[2024-01-15 12:16:05.098 PM] [32minfo[39m: 	[32m[39m
[32m💫 DB Connected 💫[39m
[32m[39m
[2024-01-15 12:16:18.284 PM] [32minfo[39m: 	[32mInfo message[39m
[2024-01-15 12:16:18.289 PM] [31merror[39m: 	[31mError message[39m
[2024-01-15 12:16:18.296 PM] [33mwarn[39m: 	[33mWarning message[39m
[2024-01-15 12:16:18.318 PM] [32minfo[39m: 	[32m[39m

[32mServer is up 🚀[39m
[32m[39m
[2024-01-15 12:16:18.513 PM] [32minfo[39m: 	[32m[39m
[32m💫 DB Connected 💫[39m
[32m[39m
[2024-01-15 12:17:01.095 PM] [32minfo[39m: 	[32mInfo message[39m
[2024-01-15 12:17:01.099 PM] [31merror[39m: 	[31mError message[39m
[2024-01-15 12:17:01.100 PM] [33mwarn[39m: 	[33mWarning message[39m
[2024-01-15 12:17:01.117 PM] [32minfo[39m: 	[32m[39m

[32mServer is up 🚀[39m
[32m[39m
[2024-01-15 12:17:01.317 PM] [32minfo[39m: 	[32m[39m
[32m💫 DB Connected 💫[39m
[32m[39m
[2024-01-15 12:18:19.564 PM] [32minfo[39m: 	[32mInfo message[39m
[2024-01-15 12:18:19.568 PM] [31merror[39m: 	[31mError message[39m
[2024-01-15 12:18:19.569 PM] [33mwarn[39m: 	[33mWarning message[39m
[2024-01-15 12:18:19.586 PM] [32minfo[39m: 	[32m[39m

[32mServer is up 🚀[39m
[32m[39m
[2024-01-15 12:18:19.705 PM] [32minfo[39m: 	[32m[39m
[32m💫 DB Connected 💫[39m
[32m[39m
[2024-01-15 12:19:36.427 PM] [32minfo[39m: 	[32mInfo message[39m
[2024-01-15 12:19:36.430 PM] [31merror[39m: 	[31mError message[39m
[2024-01-15 12:19:36.431 PM] [33mwarn[39m: 	[33mWarning message[39m
[2024-01-15 12:19:36.450 PM] [32minfo[39m: 	[32m[39m

[32mServer is up 🚀[39m
[32m[39m
[2024-01-15 12:19:36.648 PM] [32minfo[39m: 	[32m[39m
[32m💫 DB Connected 💫[39m
[32m[39m
[2024-01-15 12:21:34.599 PM] [32minfo[39m: 	[32mInfo message[39m
[2024-01-15 12:21:34.602 PM] [31merror[39m: 	[31mError message[39m
[2024-01-15 12:21:34.604 PM] [33mwarn[39m: 	[33mWarning message[39m
[2024-01-15 12:21:34.621 PM] [32minfo[39m: 	[32m[39m

[32mServer is up 🚀[39m
[32m[39m
[2024-01-15 12:21:34.749 PM] [32minfo[39m: 	[32m[39m
[32m💫 DB Connected 💫[39m
[32m[39m
[2024-01-15 12:24:20.372 PM] [32minfo[39m: 	[32mInfo message[39m
[2024-01-15 12:24:20.374 PM] [31merror[39m: 	[31mError message[39m
[2024-01-15 12:24:20.374 PM] [33mwarn[39m: 	[33mWarning message[39m
[2024-01-15 12:24:20.383 PM] [32minfo[39m: 	[32m[39m

[32mServer is up 🚀[39m
[32m[39m
[2024-01-15 12:24:20.442 PM] [32minfo[39m: 	[32m[39m
[32m💫 DB Connected 💫[39m
[32m[39m
[2024-01-15 12:28:41.554 PM] [32minfo[39m: 	[32mInfo message[39m
[2024-01-15 12:28:41.555 PM] [31merror[39m: 	[31mError message[39m
[2024-01-15 12:28:41.556 PM] [33mwarn[39m: 	[33mWarning message[39m
[2024-01-15 12:28:41.566 PM] [32minfo[39m: 	[32m[39m

[32mServer is up 🚀[39m
[32m[39m
[2024-01-15 12:28:41.628 PM] [32minfo[39m: 	[32m[39m
[32m💫 DB Connected 💫[39m
[32m[39m
[2024-01-15 12:28:46.217 PM] [32minfo[39m: 	[32mInfo message[39m
[2024-01-15 12:28:46.219 PM] [31merror[39m: 	[31mError message[39m
[2024-01-15 12:28:46.219 PM] [33mwarn[39m: 	[33mWarning message[39m
[2024-01-15 12:28:46.232 PM] [32minfo[39m: 	[32m[39m

[32mServer is up 🚀[39m
[32m[39m
[2024-01-15 12:28:46.297 PM] [32minfo[39m: 	[32m[39m
[32m💫 DB Connected 💫[39m
[32m[39m
[2024-01-15 12:30:41.899 PM] [32minfo[39m: 	[32mInfo message[39m
[2024-01-15 12:30:41.900 PM] [31merror[39m: 	[31mError message[39m
[2024-01-15 12:30:41.901 PM] [33mwarn[39m: 	[33mWarning message[39m
[2024-01-15 12:30:41.911 PM] [32minfo[39m: 	[32m[39m

[32mServer is up 🚀[39m
[32m[39m
[2024-01-15 12:30:41.969 PM] [32minfo[39m: 	[32m[39m
[32m💫 DB Connected 💫[39m
[32m[39m
[2024-01-15 12:34:39.988 PM] [32minfo[39m: 	[32mInfo message[39m
[2024-01-15 12:34:39.991 PM] [31merror[39m: 	[31mError message[39m
[2024-01-15 12:34:39.991 PM] [33mwarn[39m: 	[33mWarning message[39m
[2024-01-15 12:34:40.001 PM] [32minfo[39m: 	[32m[39m

[32mServer is up 🚀[39m
[32m[39m
[2024-01-15 12:34:40.064 PM] [32minfo[39m: 	[32m[39m
[32m💫 DB Connected 💫[39m
[32m[39m
[2024-01-15 12:34:47.549 PM] [32minfo[39m: 	[32mInfo message[39m
[2024-01-15 12:34:47.551 PM] [31merror[39m: 	[31mError message[39m
[2024-01-15 12:34:47.551 PM] [33mwarn[39m: 	[33mWarning message[39m
[2024-01-15 12:34:47.561 PM] [32minfo[39m: 	[32m[39m

[32mServer is up 🚀[39m
[32m[39m
[2024-01-15 12:34:47.726 PM] [32minfo[39m: 	[32m[39m
[32m💫 DB Connected 💫[39m
[32m[39m
[2024-01-15 12:35:00.877 PM] [32minfo[39m: 	[32mInfo message[39m
[2024-01-15 12:35:00.879 PM] [31merror[39m: 	[31mError message[39m
[2024-01-15 12:35:00.879 PM] [33mwarn[39m: 	[33mWarning message[39m
[2024-01-15 12:35:00.891 PM] [32minfo[39m: 	[32m[39m

[32mServer is up 🚀[39m
[32m[39m
[2024-01-15 12:35:01.054 PM] [32minfo[39m: 	[32m[39m
[32m💫 DB Connected 💫[39m
[32m[39m
[2024-01-15 12:35:08.975 PM] [32minfo[39m: 	[32mInfo message[39m
[2024-01-15 12:35:08.977 PM] [31merror[39m: 	[31mError message[39m
[2024-01-15 12:35:08.978 PM] [33mwarn[39m: 	[33mWarning message[39m
[2024-01-15 12:35:08.987 PM] [32minfo[39m: 	[32m[39m

[32mServer is up 🚀[39m
[32m[39m
[2024-01-15 12:35:09.047 PM] [32minfo[39m: 	[32m[39m
[32m💫 DB Connected 💫[39m
[32m[39m
[2024-01-15 12:36:44.961 PM] [32minfo[39m: 	[32mInfo message[39m
[2024-01-15 12:36:44.964 PM] [31merror[39m: 	[31mError message[39m
[2024-01-15 12:36:44.964 PM] [33mwarn[39m: 	[33mWarning message[39m
[2024-01-15 12:36:44.980 PM] [32minfo[39m: 	[32m[39m

[32mServer is up 🚀[39m
[32m[39m
[2024-01-15 12:36:45.066 PM] [32minfo[39m: 	[32m[39m
[32m💫 DB Connected 💫[39m
[32m[39m
[2024-01-15 12:37:04.361 PM] [32minfo[39m: 	[32mInfo message[39m
[2024-01-15 12:37:04.363 PM] [31merror[39m: 	[31mError message[39m
[2024-01-15 12:37:04.363 PM] [33mwarn[39m: 	[33mWarning message[39m
[2024-01-15 12:37:04.373 PM] [32minfo[39m: 	[32m[39m

[32mServer is up 🚀[39m
[32m[39m
[2024-01-15 12:37:04.454 PM] [32minfo[39m: 	[32m[39m
[32m💫 DB Connected 💫[39m
[32m[39m
[2024-01-15 12:37:32.480 PM] [32minfo[39m: 	[32mInfo message[39m
[2024-01-15 12:37:32.482 PM] [31merror[39m: 	[31mError message[39m
[2024-01-15 12:37:32.482 PM] [33mwarn[39m: 	[33mWarning message[39m
[2024-01-15 12:37:32.491 PM] [32minfo[39m: 	[32m[39m

[32mServer is up 🚀[39m
[32m[39m
[2024-01-15 12:37:32.548 PM] [32minfo[39m: 	[32m[39m
[32m💫 DB Connected 💫[39m
[32m[39m
[2024-01-15 12:38:11.867 PM] [32minfo[39m: 	[32mInfo message[39m
[2024-01-15 12:38:11.869 PM] [31merror[39m: 	[31mError message[39m
[2024-01-15 12:38:11.869 PM] [33mwarn[39m: 	[33mWarning message[39m
[2024-01-15 12:38:11.879 PM] [32minfo[39m: 	[32m[39m

[32mServer is up 🚀[39m
[32m[39m
[2024-01-15 12:38:11.960 PM] [32minfo[39m: 	[32m[39m
[32m💫 DB Connected 💫[39m
[32m[39m
[2024-01-15 12:38:44.375 PM] [32minfo[39m: 	[32mInfo message[39m
[2024-01-15 12:38:44.377 PM] [31merror[39m: 	[31mError message[39m
[2024-01-15 12:38:44.377 PM] [33mwarn[39m: 	[33mWarning message[39m
[2024-01-15 12:38:44.386 PM] [32minfo[39m: 	[32m[39m

[32mServer is up 🚀[39m
[32m[39m
[2024-01-15 12:38:44.449 PM] [32minfo[39m: 	[32m[39m
[32m💫 DB Connected 💫[39m
[32m[39m
[2024-01-15 12:39:48.733 PM] [32minfo[39m: 	[32mInfo message[39m
[2024-01-15 12:39:48.735 PM] [31merror[39m: 	[31mError message[39m
[2024-01-15 12:39:48.735 PM] [33mwarn[39m: 	[33mWarning message[39m
[2024-01-15 12:39:48.744 PM] [32minfo[39m: 	[32m[39m

[32mServer is up 🚀[39m
[32m[39m
[2024-01-15 12:39:48.803 PM] [32minfo[39m: 	[32m[39m
[32m💫 DB Connected 💫[39m
[32m[39m
[2024-01-15 12:40:40.351 PM] [32minfo[39m: 	[32mInfo message[39m
[2024-01-15 12:40:40.352 PM] [31merror[39m: 	[31mError message[39m
[2024-01-15 12:40:40.353 PM] [33mwarn[39m: 	[33mWarning message[39m
[2024-01-15 12:40:40.362 PM] [32minfo[39m: 	[32m[39m

[32mServer is up 🚀[39m
[32m[39m
[2024-01-15 12:40:40.428 PM] [32minfo[39m: 	[32m[39m
[32m💫 DB Connected 💫[39m
[32m[39m
[2024-01-15 12:41:16.522 PM] [32minfo[39m: 	[32mInfo message[39m
[2024-01-15 12:41:16.524 PM] [31merror[39m: 	[31mError message[39m
[2024-01-15 12:41:16.525 PM] [33mwarn[39m: 	[33mWarning message[39m
[2024-01-15 12:41:16.534 PM] [32minfo[39m: 	[32m[39m

[32mServer is up 🚀[39m
[32m[39m
[2024-01-15 12:41:16.593 PM] [32minfo[39m: 	[32m[39m
[32m💫 DB Connected 💫[39m
[32m[39m
[2024-01-15 12:45:46.638 PM] [32minfo[39m: 	[32mInfo message[39m
[2024-01-15 12:45:46.640 PM] [31merror[39m: 	[31mError message[39m
[2024-01-15 12:45:46.640 PM] [33mwarn[39m: 	[33mWarning message[39m
[2024-01-15 12:45:46.652 PM] [32minfo[39m: 	[32m[39m

[32mServer is up 🚀[39m
[32m[39m
[2024-01-15 12:45:46.708 PM] [32minfo[39m: 	[32m[39m
[32m💫 DB Connected 💫[39m
[32m[39m
[2024-01-15 12:46:44.804 PM] [32minfo[39m: 	[32mInfo message[39m
[2024-01-15 12:46:44.806 PM] [31merror[39m: 	[31mError message[39m
[2024-01-15 12:46:44.806 PM] [33mwarn[39m: 	[33mWarning message[39m
[2024-01-15 12:46:44.815 PM] [32minfo[39m: 	[32m[39m

[32mServer is up 🚀[39m
[32m[39m
[2024-01-15 12:46:44.876 PM] [32minfo[39m: 	[32m[39m
[32m💫 DB Connected 💫[39m
[32m[39m
[2024-01-15 12:47:09.380 PM] [32minfo[39m: 	[32mInfo message[39m
[2024-01-15 12:47:09.382 PM] [31merror[39m: 	[31mError message[39m
[2024-01-15 12:47:09.383 PM] [33mwarn[39m: 	[33mWarning message[39m
[2024-01-15 12:47:09.392 PM] [32minfo[39m: 	[32m[39m

[32mServer is up 🚀[39m
[32m[39m
[2024-01-15 12:47:09.451 PM] [32minfo[39m: 	[32m[39m
[32m💫 DB Connected 💫[39m
[32m[39m
[2024-01-15 12:47:17.025 PM] [32minfo[39m: 	[32mInfo message[39m
[2024-01-15 12:47:17.027 PM] [31merror[39m: 	[31mError message[39m
[2024-01-15 12:47:17.027 PM] [33mwarn[39m: 	[33mWarning message[39m
[2024-01-15 12:47:17.036 PM] [32minfo[39m: 	[32m[39m

[32mServer is up 🚀[39m
[32m[39m
[2024-01-15 12:47:17.096 PM] [32minfo[39m: 	[32m[39m
[32m💫 DB Connected 💫[39m
[32m[39m
[2024-01-15 12:47:30.274 PM] [32minfo[39m: 	[32mInfo message[39m
[2024-01-15 12:47:30.276 PM] [31merror[39m: 	[31mError message[39m
[2024-01-15 12:47:30.276 PM] [33mwarn[39m: 	[33mWarning message[39m
[2024-01-15 12:47:30.285 PM] [32minfo[39m: 	[32m[39m

[32mServer is up 🚀[39m
[32m[39m
[2024-01-15 12:47:30.350 PM] [32minfo[39m: 	[32m[39m
[32m💫 DB Connected 💫[39m
[32m[39m
[2024-01-15 12:48:01.013 PM] [32minfo[39m: 	[32mInfo message[39m
[2024-01-15 12:48:01.015 PM] [31merror[39m: 	[31mError message[39m
[2024-01-15 12:48:01.015 PM] [33mwarn[39m: 	[33mWarning message[39m
[2024-01-15 12:48:01.027 PM] [32minfo[39m: 	[32m[39m

[32mServer is up 🚀[39m
[32m[39m
[2024-01-15 12:48:01.084 PM] [32minfo[39m: 	[32m[39m
[32m💫 DB Connected 💫[39m
[32m[39m
[2024-01-15 12:52:05.723 PM] [32minfo[39m: 	[32mInfo message[39m
[2024-01-15 12:52:05.725 PM] [31merror[39m: 	[31mError message[39m
[2024-01-15 12:52:05.726 PM] [33mwarn[39m: 	[33mWarning message[39m
[2024-01-15 12:52:05.735 PM] [32minfo[39m: 	[32m[39m

[32mServer is up 🚀[39m
[32m[39m
[2024-01-15 12:52:05.913 PM] [32minfo[39m: 	[32m[39m
[32m💫 DB Connected 💫[39m
[32m[39m
[2024-01-15 12:52:22.786 PM] [32minfo[39m: 	[32mInfo message[39m
[2024-01-15 12:52:22.788 PM] [31merror[39m: 	[31mError message[39m
[2024-01-15 12:52:22.789 PM] [33mwarn[39m: 	[33mWarning message[39m
[2024-01-15 12:52:22.800 PM] [32minfo[39m: 	[32m[39m

[32mServer is up 🚀[39m
[32m[39m
[2024-01-15 12:52:22.866 PM] [32minfo[39m: 	[32m[39m
[32m💫 DB Connected 💫[39m
[32m[39m
[2024-01-15 12:52:59.465 PM] [32minfo[39m: 	[32mInfo message[39m
[2024-01-15 12:52:59.467 PM] [31merror[39m: 	[31mError message[39m
[2024-01-15 12:52:59.467 PM] [33mwarn[39m: 	[33mWarning message[39m
[2024-01-15 12:52:59.477 PM] [32minfo[39m: 	[32m[39m

[32mServer is up 🚀[39m
[32m[39m
[2024-01-15 12:52:59.648 PM] [32minfo[39m: 	[32m[39m
[32m💫 DB Connected 💫[39m
[32m[39m
[2024-01-15 12:53:23.124 PM] [32minfo[39m: 	[32mInfo message[39m
[2024-01-15 12:53:23.126 PM] [31merror[39m: 	[31mError message[39m
[2024-01-15 12:53:23.127 PM] [33mwarn[39m: 	[33mWarning message[39m
[2024-01-15 12:53:23.136 PM] [32minfo[39m: 	[32m[39m

[32mServer is up 🚀[39m
[32m[39m
[2024-01-15 12:53:23.201 PM] [32minfo[39m: 	[32m[39m
[32m💫 DB Connected 💫[39m
[32m[39m
[2024-01-15 12:54:34.602 PM] [32minfo[39m: 	[32mInfo message[39m
[2024-01-15 12:54:34.604 PM] [31merror[39m: 	[31mError message[39m
[2024-01-15 12:54:34.605 PM] [33mwarn[39m: 	[33mWarning message[39m
[2024-01-15 12:54:34.614 PM] [32minfo[39m: 	[32m[39m

[32mServer is up 🚀[39m
[32m[39m
[2024-01-15 12:54:34.684 PM] [32minfo[39m: 	[32m[39m
[32m💫 DB Connected 💫[39m
[32m[39m
[2024-01-15 12:55:10.824 PM] [32minfo[39m: 	[32mInfo message[39m
[2024-01-15 12:55:10.826 PM] [31merror[39m: 	[31mError message[39m
[2024-01-15 12:55:10.826 PM] [33mwarn[39m: 	[33mWarning message[39m
[2024-01-15 12:55:10.835 PM] [32minfo[39m: 	[32m[39m

[32mServer is up 🚀[39m
[32m[39m
[2024-01-15 12:55:10.894 PM] [32minfo[39m: 	[32m[39m
[32m💫 DB Connected 💫[39m
[32m[39m
[2024-01-15 12:56:02.533 PM] [32minfo[39m: 	[32mInfo message[39m
[2024-01-15 12:56:02.535 PM] [31merror[39m: 	[31mError message[39m
[2024-01-15 12:56:02.535 PM] [33mwarn[39m: 	[33mWarning message[39m
[2024-01-15 12:56:02.544 PM] [32minfo[39m: 	[32m[39m

[32mServer is up 🚀[39m
[32m[39m
[2024-01-15 12:56:02.604 PM] [32minfo[39m: 	[32m[39m
[32m💫 DB Connected 💫[39m
[32m[39m
[2024-01-15 12:56:34.792 PM] [32minfo[39m: 	[32mInfo message[39m
[2024-01-15 12:56:34.794 PM] [31merror[39m: 	[31mError message[39m
[2024-01-15 12:56:34.795 PM] [33mwarn[39m: 	[33mWarning message[39m
[2024-01-15 12:56:34.804 PM] [32minfo[39m: 	[32m[39m

[32mServer is up 🚀[39m
[32m[39m
[2024-01-15 12:56:34.865 PM] [32minfo[39m: 	[32m[39m
[32m💫 DB Connected 💫[39m
[32m[39m
[2024-01-15 12:56:45.400 PM] [32minfo[39m: 	[32mInfo message[39m
[2024-01-15 12:56:45.401 PM] [31merror[39m: 	[31mError message[39m
[2024-01-15 12:56:45.402 PM] [33mwarn[39m: 	[33mWarning message[39m
[2024-01-15 12:56:45.415 PM] [32minfo[39m: 	[32m[39m

[32mServer is up 🚀[39m
[32m[39m
[2024-01-15 12:56:45.533 PM] [32minfo[39m: 	[32m[39m
[32m💫 DB Connected 💫[39m
[32m[39m
[2024-01-15 12:57:01.804 PM] [32minfo[39m: 	[32mInfo message[39m
[2024-01-15 12:57:01.807 PM] [31merror[39m: 	[31mError message[39m
[2024-01-15 12:57:01.807 PM] [33mwarn[39m: 	[33mWarning message[39m
[2024-01-15 12:57:01.820 PM] [32minfo[39m: 	[32m[39m

[32mServer is up 🚀[39m
[32m[39m
[2024-01-15 12:57:01.987 PM] [32minfo[39m: 	[32m[39m
[32m💫 DB Connected 💫[39m
[32m[39m
[2024-01-15 01:01:16.449 PM] [32minfo[39m: 	[32mInfo message[39m
[2024-01-15 01:01:16.451 PM] [31merror[39m: 	[31mError message[39m
[2024-01-15 01:01:16.451 PM] [33mwarn[39m: 	[33mWarning message[39m
[2024-01-15 01:01:16.461 PM] [32minfo[39m: 	[32m[39m

[32mServer is up 🚀[39m
[32m[39m
[2024-01-15 01:01:16.523 PM] [32minfo[39m: 	[32m[39m
[32m💫 DB Connected 💫[39m
[32m[39m
[2024-01-15 01:01:23.091 PM] [32minfo[39m: 	[32mInfo message[39m
[2024-01-15 01:01:23.093 PM] [31merror[39m: 	[31mError message[39m
[2024-01-15 01:01:23.093 PM] [33mwarn[39m: 	[33mWarning message[39m
[2024-01-15 01:01:23.111 PM] [32minfo[39m: 	[32m[39m

[32mServer is up 🚀[39m
[32m[39m
[2024-01-15 01:01:23.222 PM] [32minfo[39m: 	[32m[39m
[32m💫 DB Connected 💫[39m
[32m[39m
[2024-01-15 01:01:39.894 PM] [32minfo[39m: 	[32mInfo message[39m
[2024-01-15 01:01:39.896 PM] [31merror[39m: 	[31mError message[39m
[2024-01-15 01:01:39.897 PM] [33mwarn[39m: 	[33mWarning message[39m
[2024-01-15 01:01:39.906 PM] [32minfo[39m: 	[32m[39m

[32mServer is up 🚀[39m
[32m[39m
[2024-01-15 01:01:39.964 PM] [32minfo[39m: 	[32m[39m
[32m💫 DB Connected 💫[39m
[32m[39m
[2024-01-15 01:03:03.359 PM] [32minfo[39m: 	[32mInfo message[39m
[2024-01-15 01:03:03.361 PM] [31merror[39m: 	[31mError message[39m
[2024-01-15 01:03:03.361 PM] [33mwarn[39m: 	[33mWarning message[39m
[2024-01-15 01:03:03.370 PM] [32minfo[39m: 	[32m[39m

[32mServer is up 🚀[39m
[32m[39m
[2024-01-15 01:03:03.431 PM] [32minfo[39m: 	[32m[39m
[32m💫 DB Connected 💫[39m
[32m[39m
[2024-01-15 01:04:12.990 PM] [32minfo[39m: 	[32mInfo message[39m
[2024-01-15 01:04:12.992 PM] [31merror[39m: 	[31mError message[39m
[2024-01-15 01:04:12.993 PM] [33mwarn[39m: 	[33mWarning message[39m
[2024-01-15 01:04:13.002 PM] [32minfo[39m: 	[32m[39m

[32mServer is up 🚀[39m
[32m[39m
[2024-01-15 01:04:13.067 PM] [32minfo[39m: 	[32m[39m
[32m💫 DB Connected 💫[39m
[32m[39m
[2024-01-15 01:04:26.984 PM] [32minfo[39m: 	[32mInfo message[39m
[2024-01-15 01:04:26.986 PM] [31merror[39m: 	[31mError message[39m
[2024-01-15 01:04:26.986 PM] [33mwarn[39m: 	[33mWarning message[39m
[2024-01-15 01:04:26.995 PM] [32minfo[39m: 	[32m[39m

[32mServer is up 🚀[39m
[32m[39m
[2024-01-15 01:04:27.058 PM] [32minfo[39m: 	[32m[39m
[32m💫 DB Connected 💫[39m
[32m[39m
[2024-01-15 01:05:05.420 PM] [32minfo[39m: 	[32mInfo message[39m
[2024-01-15 01:05:05.422 PM] [31merror[39m: 	[31mError message[39m
[2024-01-15 01:05:05.423 PM] [33mwarn[39m: 	[33mWarning message[39m
[2024-01-15 01:05:05.434 PM] [32minfo[39m: 	[32m[39m

[32mServer is up 🚀[39m
[32m[39m
[2024-01-15 01:05:05.504 PM] [32minfo[39m: 	[32m[39m
[32m💫 DB Connected 💫[39m
[32m[39m
[2024-01-15 01:05:46.297 PM] [32minfo[39m: 	[32mInfo message[39m
[2024-01-15 01:05:46.299 PM] [31merror[39m: 	[31mError message[39m
[2024-01-15 01:05:46.299 PM] [33mwarn[39m: 	[33mWarning message[39m
[2024-01-15 01:05:46.308 PM] [32minfo[39m: 	[32m[39m

[32mServer is up 🚀[39m
[32m[39m
[2024-01-15 01:05:46.366 PM] [32minfo[39m: 	[32m[39m
[32m💫 DB Connected 💫[39m
[32m[39m
[2024-01-15 01:06:51.741 PM] [32minfo[39m: 	[32mInfo message[39m
[2024-01-15 01:06:51.744 PM] [31merror[39m: 	[31mError message[39m
[2024-01-15 01:06:51.744 PM] [33mwarn[39m: 	[33mWarning message[39m
[2024-01-15 01:06:51.756 PM] [32minfo[39m: 	[32m[39m

[32mServer is up 🚀[39m
[32m[39m
[2024-01-15 01:06:51.823 PM] [32minfo[39m: 	[32m[39m
[32m💫 DB Connected 💫[39m
[32m[39m
[2024-01-15 01:07:27.722 PM] [32minfo[39m: 	[32mInfo message[39m
[2024-01-15 01:07:27.724 PM] [31merror[39m: 	[31mError message[39m
[2024-01-15 01:07:27.725 PM] [33mwarn[39m: 	[33mWarning message[39m
[2024-01-15 01:07:27.734 PM] [32minfo[39m: 	[32m[39m

[32mServer is up 🚀[39m
[32m[39m
[2024-01-15 01:07:27.912 PM] [32minfo[39m: 	[32m[39m
[32m💫 DB Connected 💫[39m
[32m[39m
[2024-01-15 01:07:44.179 PM] [32minfo[39m: 	[32mInfo message[39m
[2024-01-15 01:07:44.181 PM] [31merror[39m: 	[31mError message[39m
[2024-01-15 01:07:44.182 PM] [33mwarn[39m: 	[33mWarning message[39m
[2024-01-15 01:07:44.191 PM] [32minfo[39m: 	[32m[39m

[32mServer is up 🚀[39m
[32m[39m
[2024-01-15 01:07:44.358 PM] [32minfo[39m: 	[32m[39m
[32m💫 DB Connected 💫[39m
[32m[39m
[2024-01-15 01:19:05.749 PM] [32minfo[39m: 	[32mInfo message[39m
[2024-01-15 01:19:05.751 PM] [31merror[39m: 	[31mError message[39m
[2024-01-15 01:19:05.752 PM] [33mwarn[39m: 	[33mWarning message[39m
[2024-01-15 01:19:05.763 PM] [32minfo[39m: 	[32m[39m

[32mServer is up 🚀[39m
[32m[39m
[2024-01-15 01:19:05.829 PM] [32minfo[39m: 	[32m[39m
[32m💫 DB Connected 💫[39m
[32m[39m
[2024-01-15 01:22:31.550 PM] [32minfo[39m: 	[32mInfo message[39m
[2024-01-15 01:22:31.552 PM] [31merror[39m: 	[31mError message[39m
[2024-01-15 01:22:31.553 PM] [33mwarn[39m: 	[33mWarning message[39m
[2024-01-15 01:22:31.564 PM] [32minfo[39m: 	[32m[39m

[32mServer is up 🚀[39m
[32m[39m
[2024-01-15 01:22:31.637 PM] [32minfo[39m: 	[32m[39m
[32m💫 DB Connected 💫[39m
[32m[39m
[2024-01-15 01:22:38.470 PM] [32minfo[39m: 	[32mInfo message[39m
[2024-01-15 01:22:38.472 PM] [31merror[39m: 	[31mError message[39m
[2024-01-15 01:22:38.473 PM] [33mwarn[39m: 	[33mWarning message[39m
[2024-01-15 01:22:38.482 PM] [32minfo[39m: 	[32m[39m

[32mServer is up 🚀[39m
[32m[39m
[2024-01-15 01:22:38.549 PM] [32minfo[39m: 	[32m[39m
[32m💫 DB Connected 💫[39m
[32m[39m
[2024-01-15 01:23:20.848 PM] [32minfo[39m: 	[32mInfo message[39m
[2024-01-15 01:23:20.850 PM] [31merror[39m: 	[31mError message[39m
[2024-01-15 01:23:20.851 PM] [33mwarn[39m: 	[33mWarning message[39m
[2024-01-15 01:23:20.862 PM] [32minfo[39m: 	[32m[39m

[32mServer is up 🚀[39m
[32m[39m
[2024-01-15 01:23:20.941 PM] [32minfo[39m: 	[32m[39m
[32m💫 DB Connected 💫[39m
[32m[39m
[2024-01-15 01:23:31.359 PM] [32minfo[39m: 	[32mInfo message[39m
[2024-01-15 01:23:31.360 PM] [31merror[39m: 	[31mError message[39m
[2024-01-15 01:23:31.361 PM] [33mwarn[39m: 	[33mWarning message[39m
[2024-01-15 01:23:31.372 PM] [32minfo[39m: 	[32m[39m

[32mServer is up 🚀[39m
[32m[39m
[2024-01-15 01:23:31.442 PM] [32minfo[39m: 	[32m[39m
[32m💫 DB Connected 💫[39m
[32m[39m
[2024-01-15 01:24:58.236 PM] [32minfo[39m: 	[32mInfo message[39m
[2024-01-15 01:24:58.237 PM] [31merror[39m: 	[31mError message[39m
[2024-01-15 01:24:58.238 PM] [33mwarn[39m: 	[33mWarning message[39m
[2024-01-15 01:24:58.248 PM] [32minfo[39m: 	[32m[39m

[32mServer is up 🚀[39m
[32m[39m
[2024-01-15 01:24:58.311 PM] [32minfo[39m: 	[32m[39m
[32m💫 DB Connected 💫[39m
[32m[39m
[2024-01-15 01:27:51.850 PM] [32minfo[39m: 	[32mInfo message[39m
[2024-01-15 01:27:51.852 PM] [31merror[39m: 	[31mError message[39m
[2024-01-15 01:27:51.853 PM] [33mwarn[39m: 	[33mWarning message[39m
[2024-01-15 01:27:51.861 PM] [32minfo[39m: 	[32m[39m

[32mServer is up 🚀[39m
[32m[39m
[2024-01-15 01:27:51.926 PM] [32minfo[39m: 	[32m[39m
[32m💫 DB Connected 💫[39m
[32m[39m
[2024-01-15 01:37:41.613 PM] [32minfo[39m: 	[32mInfo message[39m
[2024-01-15 01:37:41.615 PM] [31merror[39m: 	[31mError message[39m
[2024-01-15 01:37:41.615 PM] [33mwarn[39m: 	[33mWarning message[39m
[2024-01-15 01:37:41.626 PM] [32minfo[39m: 	[32m[39m

[32mServer is up 🚀[39m
[32m[39m
[2024-01-15 01:37:41.707 PM] [32minfo[39m: 	[32m[39m
[32m💫 DB Connected 💫[39m
[32m[39m
[2024-01-15 01:38:25.549 PM] [32minfo[39m: 	[32mInfo message[39m
[2024-01-15 01:38:25.551 PM] [31merror[39m: 	[31mError message[39m
[2024-01-15 01:38:25.551 PM] [33mwarn[39m: 	[33mWarning message[39m
[2024-01-15 01:38:25.560 PM] [32minfo[39m: 	[32m[39m

[32mServer is up 🚀[39m
[32m[39m
[2024-01-15 01:38:25.622 PM] [32minfo[39m: 	[32m[39m
[32m💫 DB Connected 💫[39m
[32m[39m
[2024-01-15 01:39:58.319 PM] [32minfo[39m: 	[32mInfo message[39m
[2024-01-15 01:39:58.321 PM] [31merror[39m: 	[31mError message[39m
[2024-01-15 01:39:58.321 PM] [33mwarn[39m: 	[33mWarning message[39m
[2024-01-15 01:39:58.330 PM] [32minfo[39m: 	[32m[39m

[32mServer is up 🚀[39m
[32m[39m
[2024-01-15 01:39:58.394 PM] [32minfo[39m: 	[32m[39m
[32m💫 DB Connected 💫[39m
[32m[39m
[2024-01-15 01:40:20.367 PM] [32minfo[39m: 	[32mInfo message[39m
[2024-01-15 01:40:20.369 PM] [31merror[39m: 	[31mError message[39m
[2024-01-15 01:40:20.369 PM] [33mwarn[39m: 	[33mWarning message[39m
[2024-01-15 01:40:20.379 PM] [32minfo[39m: 	[32m[39m

[32mServer is up 🚀[39m
[32m[39m
[2024-01-15 01:40:20.439 PM] [32minfo[39m: 	[32m[39m
[32m💫 DB Connected 💫[39m
[32m[39m
[2024-01-15 01:40:42.938 PM] [32minfo[39m: 	[32mInfo message[39m
[2024-01-15 01:40:42.940 PM] [31merror[39m: 	[31mError message[39m
[2024-01-15 01:40:42.941 PM] [33mwarn[39m: 	[33mWarning message[39m
[2024-01-15 01:40:42.951 PM] [32minfo[39m: 	[32m[39m

[32mServer is up 🚀[39m
[32m[39m
[2024-01-15 01:40:43.011 PM] [32minfo[39m: 	[32m[39m
[32m💫 DB Connected 💫[39m
[32m[39m
[2024-01-15 01:41:36.962 PM] [32minfo[39m: 	[32mInfo message[39m
[2024-01-15 01:41:36.964 PM] [31merror[39m: 	[31mError message[39m
[2024-01-15 01:41:36.965 PM] [33mwarn[39m: 	[33mWarning message[39m
[2024-01-15 01:41:36.974 PM] [32minfo[39m: 	[32m[39m

[32mServer is up 🚀[39m
[32m[39m
[2024-01-15 01:41:37.041 PM] [32minfo[39m: 	[32m[39m
[32m💫 DB Connected 💫[39m
[32m[39m
[2024-01-15 01:41:42.278 PM] [32minfo[39m: 	[32mInfo message[39m
[2024-01-15 01:41:42.279 PM] [31merror[39m: 	[31mError message[39m
[2024-01-15 01:41:42.280 PM] [33mwarn[39m: 	[33mWarning message[39m
[2024-01-15 01:41:42.288 PM] [32minfo[39m: 	[32m[39m

[32mServer is up 🚀[39m
[32m[39m
[2024-01-15 01:41:42.452 PM] [32minfo[39m: 	[32m[39m
[32m💫 DB Connected 💫[39m
[32m[39m
[2024-01-15 01:41:47.345 PM] [32minfo[39m: 	[32mInfo message[39m
[2024-01-15 01:41:47.347 PM] [31merror[39m: 	[31mError message[39m
[2024-01-15 01:41:47.348 PM] [33mwarn[39m: 	[33mWarning message[39m
[2024-01-15 01:41:47.357 PM] [32minfo[39m: 	[32m[39m

[32mServer is up 🚀[39m
[32m[39m
[2024-01-15 01:41:47.424 PM] [32minfo[39m: 	[32m[39m
[32m💫 DB Connected 💫[39m
[32m[39m
[2024-01-15 01:41:53.057 PM] [32minfo[39m: 	[32mInfo message[39m
[2024-01-15 01:41:53.059 PM] [31merror[39m: 	[31mError message[39m
[2024-01-15 01:41:53.060 PM] [33mwarn[39m: 	[33mWarning message[39m
[2024-01-15 01:41:53.069 PM] [32minfo[39m: 	[32m[39m

[32mServer is up 🚀[39m
[32m[39m
[2024-01-15 01:41:53.138 PM] [32minfo[39m: 	[32m[39m
[32m💫 DB Connected 💫[39m
[32m[39m
[2024-01-15 01:42:30.702 PM] [32minfo[39m: 	[32mInfo message[39m
[2024-01-15 01:42:30.703 PM] [31merror[39m: 	[31mError message[39m
[2024-01-15 01:42:30.704 PM] [33mwarn[39m: 	[33mWarning message[39m
[2024-01-15 01:42:30.712 PM] [32minfo[39m: 	[32m[39m

[32mServer is up 🚀[39m
[32m[39m
[2024-01-15 01:42:30.771 PM] [32minfo[39m: 	[32m[39m
[32m💫 DB Connected 💫[39m
[32m[39m
[2024-01-15 01:42:38.741 PM] [32minfo[39m: 	[32mInfo message[39m
[2024-01-15 01:42:38.743 PM] [31merror[39m: 	[31mError message[39m
[2024-01-15 01:42:38.743 PM] [33mwarn[39m: 	[33mWarning message[39m
[2024-01-15 01:42:38.752 PM] [32minfo[39m: 	[32m[39m

[32mServer is up 🚀[39m
[32m[39m
[2024-01-15 01:42:38.807 PM] [32minfo[39m: 	[32m[39m
[32m💫 DB Connected 💫[39m
[32m[39m
[2024-01-15 01:42:51.300 PM] [32minfo[39m: 	[32mInfo message[39m
[2024-01-15 01:42:51.302 PM] [31merror[39m: 	[31mError message[39m
[2024-01-15 01:42:51.302 PM] [33mwarn[39m: 	[33mWarning message[39m
[2024-01-15 01:42:51.311 PM] [32minfo[39m: 	[32m[39m

[32mServer is up 🚀[39m
[32m[39m
[2024-01-15 01:42:51.371 PM] [32minfo[39m: 	[32m[39m
[32m💫 DB Connected 💫[39m
[32m[39m
[2024-01-15 01:43:15.064 PM] [32minfo[39m: 	[32mInfo message[39m
[2024-01-15 01:43:15.066 PM] [31merror[39m: 	[31mError message[39m
[2024-01-15 01:43:15.066 PM] [33mwarn[39m: 	[33mWarning message[39m
[2024-01-15 01:43:15.075 PM] [32minfo[39m: 	[32m[39m

[32mServer is up 🚀[39m
[32m[39m
[2024-01-15 01:43:15.137 PM] [32minfo[39m: 	[32m[39m
[32m💫 DB Connected 💫[39m
[32m[39m
[2024-01-15 01:43:19.534 PM] [32minfo[39m: 	[32mInfo message[39m
[2024-01-15 01:43:19.536 PM] [31merror[39m: 	[31mError message[39m
[2024-01-15 01:43:19.536 PM] [33mwarn[39m: 	[33mWarning message[39m
[2024-01-15 01:43:19.545 PM] [32minfo[39m: 	[32m[39m

[32mServer is up 🚀[39m
[32m[39m
[2024-01-15 01:43:19.600 PM] [32minfo[39m: 	[32m[39m
[32m💫 DB Connected 💫[39m
[32m[39m
[2024-01-15 01:44:03.482 PM] [32minfo[39m: 	[32mInfo message[39m
[2024-01-15 01:44:03.484 PM] [31merror[39m: 	[31mError message[39m
[2024-01-15 01:44:03.485 PM] [33mwarn[39m: 	[33mWarning message[39m
[2024-01-15 01:44:03.495 PM] [32minfo[39m: 	[32m[39m

[32mServer is up 🚀[39m
[32m[39m
[2024-01-15 01:44:03.582 PM] [32minfo[39m: 	[32m[39m
[32m💫 DB Connected 💫[39m
[32m[39m
[2024-01-15 01:45:26.339 PM] [32minfo[39m: 	[32mInfo message[39m
[2024-01-15 01:45:26.343 PM] [31merror[39m: 	[31mError message[39m
[2024-01-15 01:45:26.343 PM] [33mwarn[39m: 	[33mWarning message[39m
[2024-01-15 01:45:26.363 PM] [32minfo[39m: 	[32m[39m

[32mServer is up 🚀[39m
[32m[39m
[2024-01-15 01:45:26.439 PM] [32minfo[39m: 	[32m[39m
[32m💫 DB Connected 💫[39m
[32m[39m
[2024-01-15 01:47:58.942 PM] [32minfo[39m: 	[32mInfo message[39m
[2024-01-15 01:47:58.944 PM] [31merror[39m: 	[31mError message[39m
[2024-01-15 01:47:58.945 PM] [33mwarn[39m: 	[33mWarning message[39m
[2024-01-15 01:47:58.955 PM] [32minfo[39m: 	[32m[39m

[32mServer is up 🚀[39m
[32m[39m
[2024-01-15 01:47:59.019 PM] [32minfo[39m: 	[32m[39m
[32m💫 DB Connected 💫[39m
[32m[39m
[2024-01-15 01:48:06.138 PM] [32minfo[39m: 	[32mInfo message[39m
[2024-01-15 01:48:06.140 PM] [31merror[39m: 	[31mError message[39m
[2024-01-15 01:48:06.141 PM] [33mwarn[39m: 	[33mWarning message[39m
[2024-01-15 01:48:06.150 PM] [32minfo[39m: 	[32m[39m

[32mServer is up 🚀[39m
[32m[39m
[2024-01-15 01:48:06.210 PM] [32minfo[39m: 	[32m[39m
[32m💫 DB Connected 💫[39m
[32m[39m
[2024-01-15 01:48:10.316 PM] [32minfo[39m: 	[32mInfo message[39m
[2024-01-15 01:48:10.318 PM] [31merror[39m: 	[31mError message[39m
[2024-01-15 01:48:10.318 PM] [33mwarn[39m: 	[33mWarning message[39m
[2024-01-15 01:48:10.328 PM] [32minfo[39m: 	[32m[39m

[32mServer is up 🚀[39m
[32m[39m
[2024-01-15 01:48:10.397 PM] [32minfo[39m: 	[32m[39m
[32m💫 DB Connected 💫[39m
[32m[39m
[2024-01-15 01:48:13.820 PM] [32minfo[39m: 	[32mInfo message[39m
[2024-01-15 01:48:13.822 PM] [31merror[39m: 	[31mError message[39m
[2024-01-15 01:48:13.822 PM] [33mwarn[39m: 	[33mWarning message[39m
[2024-01-15 01:48:13.832 PM] [32minfo[39m: 	[32m[39m

[32mServer is up 🚀[39m
[32m[39m
[2024-01-15 01:48:13.891 PM] [32minfo[39m: 	[32m[39m
[32m💫 DB Connected 💫[39m
[32m[39m
[2024-01-15 01:48:45.814 PM] [32minfo[39m: 	[32mInfo message[39m
[2024-01-15 01:48:45.816 PM] [31merror[39m: 	[31mError message[39m
[2024-01-15 01:48:45.816 PM] [33mwarn[39m: 	[33mWarning message[39m
[2024-01-15 01:48:45.827 PM] [32minfo[39m: 	[32m[39m

[32mServer is up 🚀[39m
[32m[39m
[2024-01-15 01:48:45.896 PM] [32minfo[39m: 	[32m[39m
[32m💫 DB Connected 💫[39m
[32m[39m
[2024-01-15 01:49:00.214 PM] [32minfo[39m: 	[32mInfo message[39m
[2024-01-15 01:49:00.216 PM] [31merror[39m: 	[31mError message[39m
[2024-01-15 01:49:00.216 PM] [33mwarn[39m: 	[33mWarning message[39m
[2024-01-15 01:49:00.225 PM] [32minfo[39m: 	[32m[39m

[32mServer is up 🚀[39m
[32m[39m
[2024-01-15 01:49:00.285 PM] [32minfo[39m: 	[32m[39m
[32m💫 DB Connected 💫[39m
[32m[39m
[2024-01-15 01:49:08.602 PM] [32minfo[39m: 	[32mInfo message[39m
[2024-01-15 01:49:08.604 PM] [31merror[39m: 	[31mError message[39m
[2024-01-15 01:49:08.605 PM] [33mwarn[39m: 	[33mWarning message[39m
[2024-01-15 01:49:08.613 PM] [32minfo[39m: 	[32m[39m

[32mServer is up 🚀[39m
[32m[39m
[2024-01-15 01:49:08.670 PM] [32minfo[39m: 	[32m[39m
[32m💫 DB Connected 💫[39m
[32m[39m
[2024-01-15 01:49:18.704 PM] [32minfo[39m: 	[32mInfo message[39m
[2024-01-15 01:49:18.706 PM] [31merror[39m: 	[31mError message[39m
[2024-01-15 01:49:18.706 PM] [33mwarn[39m: 	[33mWarning message[39m
[2024-01-15 01:49:18.715 PM] [32minfo[39m: 	[32m[39m

[32mServer is up 🚀[39m
[32m[39m
[2024-01-15 01:49:18.776 PM] [32minfo[39m: 	[32m[39m
[32m💫 DB Connected 💫[39m
[32m[39m
[2024-01-15 01:50:51.859 PM] [32minfo[39m: 	[32mInfo message[39m
[2024-01-15 01:50:51.861 PM] [31merror[39m: 	[31mError message[39m
[2024-01-15 01:50:51.861 PM] [33mwarn[39m: 	[33mWarning message[39m
[2024-01-15 01:50:51.876 PM] [32minfo[39m: 	[32m[39m

[32mServer is up 🚀[39m
[32m[39m
[2024-01-15 01:50:51.946 PM] [32minfo[39m: 	[32m[39m
[32m💫 DB Connected 💫[39m
[32m[39m
[2024-01-15 01:51:31.409 PM] [32minfo[39m: 	[32mInfo message[39m
[2024-01-15 01:51:31.411 PM] [31merror[39m: 	[31mError message[39m
[2024-01-15 01:51:31.411 PM] [33mwarn[39m: 	[33mWarning message[39m
[2024-01-15 01:51:31.421 PM] [32minfo[39m: 	[32m[39m

[32mServer is up 🚀[39m
[32m[39m
[2024-01-15 01:51:31.476 PM] [32minfo[39m: 	[32m[39m
[32m💫 DB Connected 💫[39m
[32m[39m
[2024-01-15 01:52:46.495 PM] [32minfo[39m: 	[32mInfo message[39m
[2024-01-15 01:52:46.498 PM] [31merror[39m: 	[31mError message[39m
[2024-01-15 01:52:46.499 PM] [33mwarn[39m: 	[33mWarning message[39m
[2024-01-15 01:52:46.507 PM] [32minfo[39m: 	[32m[39m

[32mServer is up 🚀[39m
[32m[39m
[2024-01-15 01:52:46.569 PM] [32minfo[39m: 	[32m[39m
[32m💫 DB Connected 💫[39m
[32m[39m
[2024-01-15 01:52:50.327 PM] [32minfo[39m: 	[32mInfo message[39m
[2024-01-15 01:52:50.329 PM] [31merror[39m: 	[31mError message[39m
[2024-01-15 01:52:50.330 PM] [33mwarn[39m: 	[33mWarning message[39m
[2024-01-15 01:52:50.340 PM] [32minfo[39m: 	[32m[39m

[32mServer is up 🚀[39m
[32m[39m
[2024-01-15 01:52:50.501 PM] [32minfo[39m: 	[32m[39m
[32m💫 DB Connected 💫[39m
[32m[39m
[2024-01-15 01:53:27.514 PM] [32minfo[39m: 	[32mInfo message[39m
[2024-01-15 01:53:27.515 PM] [31merror[39m: 	[31mError message[39m
[2024-01-15 01:53:27.516 PM] [33mwarn[39m: 	[33mWarning message[39m
[2024-01-15 01:53:27.524 PM] [32minfo[39m: 	[32m[39m

[32mServer is up 🚀[39m
[32m[39m
[2024-01-15 01:53:27.687 PM] [32minfo[39m: 	[32m[39m
[32m💫 DB Connected 💫[39m
[32m[39m
[2024-01-15 01:53:31.875 PM] [32minfo[39m: 	[32mInfo message[39m
[2024-01-15 01:53:31.877 PM] [31merror[39m: 	[31mError message[39m
[2024-01-15 01:53:31.877 PM] [33mwarn[39m: 	[33mWarning message[39m
[2024-01-15 01:53:31.886 PM] [32minfo[39m: 	[32m[39m

[32mServer is up 🚀[39m
[32m[39m
[2024-01-15 01:53:31.947 PM] [32minfo[39m: 	[32m[39m
[32m💫 DB Connected 💫[39m
[32m[39m
[2024-01-15 01:53:43.105 PM] [32minfo[39m: 	[32mInfo message[39m
[2024-01-15 01:53:43.107 PM] [31merror[39m: 	[31mError message[39m
[2024-01-15 01:53:43.108 PM] [33mwarn[39m: 	[33mWarning message[39m
[2024-01-15 01:53:43.117 PM] [32minfo[39m: 	[32m[39m

[32mServer is up 🚀[39m
[32m[39m
[2024-01-15 01:53:43.179 PM] [32minfo[39m: 	[32m[39m
[32m💫 DB Connected 💫[39m
[32m[39m
[2024-01-15 01:53:59.279 PM] [32minfo[39m: 	[32mInfo message[39m
[2024-01-15 01:53:59.281 PM] [31merror[39m: 	[31mError message[39m
[2024-01-15 01:53:59.282 PM] [33mwarn[39m: 	[33mWarning message[39m
[2024-01-15 01:53:59.290 PM] [32minfo[39m: 	[32m[39m

[32mServer is up 🚀[39m
[32m[39m
[2024-01-15 01:53:59.350 PM] [32minfo[39m: 	[32m[39m
[32m💫 DB Connected 💫[39m
[32m[39m
[2024-01-15 01:54:11.061 PM] [32minfo[39m: 	[32mInfo message[39m
[2024-01-15 01:54:11.063 PM] [31merror[39m: 	[31mError message[39m
[2024-01-15 01:54:11.064 PM] [33mwarn[39m: 	[33mWarning message[39m
[2024-01-15 01:54:11.073 PM] [32minfo[39m: 	[32m[39m

[32mServer is up 🚀[39m
[32m[39m
[2024-01-15 01:54:11.143 PM] [32minfo[39m: 	[32m[39m
[32m💫 DB Connected 💫[39m
[32m[39m
[2024-01-15 01:54:24.453 PM] [32minfo[39m: 	[32mInfo message[39m
[2024-01-15 01:54:24.455 PM] [31merror[39m: 	[31mError message[39m
[2024-01-15 01:54:24.455 PM] [33mwarn[39m: 	[33mWarning message[39m
[2024-01-15 01:54:24.464 PM] [32minfo[39m: 	[32m[39m

[32mServer is up 🚀[39m
[32m[39m
[2024-01-15 01:54:24.525 PM] [32minfo[39m: 	[32m[39m
[32m💫 DB Connected 💫[39m
[32m[39m
[2024-01-15 02:01:16.096 PM] [32minfo[39m: 	[32mInfo message[39m
[2024-01-15 02:01:16.098 PM] [31merror[39m: 	[31mError message[39m
[2024-01-15 02:01:16.099 PM] [33mwarn[39m: 	[33mWarning message[39m
[2024-01-15 02:01:16.113 PM] [32minfo[39m: 	[32m[39m

[32mServer is up 🚀[39m
[32m[39m
[2024-01-15 02:01:16.193 PM] [32minfo[39m: 	[32m[39m
[32m💫 DB Connected 💫[39m
[32m[39m
[2024-01-15 02:01:23.244 PM] [32minfo[39m: 	[32mInfo message[39m
[2024-01-15 02:01:23.246 PM] [31merror[39m: 	[31mError message[39m
[2024-01-15 02:01:23.247 PM] [33mwarn[39m: 	[33mWarning message[39m
[2024-01-15 02:01:23.255 PM] [32minfo[39m: 	[32m[39m

[32mServer is up 🚀[39m
[32m[39m
[2024-01-15 02:01:23.318 PM] [32minfo[39m: 	[32m[39m
[32m💫 DB Connected 💫[39m
[32m[39m
[2024-01-15 02:02:26.028 PM] [32minfo[39m: 	[32mInfo message[39m
[2024-01-15 02:02:26.029 PM] [31merror[39m: 	[31mError message[39m
[2024-01-15 02:02:26.030 PM] [33mwarn[39m: 	[33mWarning message[39m
[2024-01-15 02:02:26.040 PM] [32minfo[39m: 	[32m[39m

[32mServer is up 🚀[39m
[32m[39m
[2024-01-15 02:02:26.220 PM] [32minfo[39m: 	[32m[39m
[32m💫 DB Connected 💫[39m
[32m[39m
[2024-01-15 02:02:32.093 PM] [32minfo[39m: 	[32mInfo message[39m
[2024-01-15 02:02:32.095 PM] [31merror[39m: 	[31mError message[39m
[2024-01-15 02:02:32.096 PM] [33mwarn[39m: 	[33mWarning message[39m
[2024-01-15 02:02:32.104 PM] [32minfo[39m: 	[32m[39m

[32mServer is up 🚀[39m
[32m[39m
[2024-01-15 02:02:32.173 PM] [32minfo[39m: 	[32m[39m
[32m💫 DB Connected 💫[39m
[32m[39m
[2024-01-15 02:07:05.785 PM] [32minfo[39m: 	[32mInfo message[39m
[2024-01-15 02:07:05.787 PM] [31merror[39m: 	[31mError message[39m
[2024-01-15 02:07:05.787 PM] [33mwarn[39m: 	[33mWarning message[39m
[2024-01-15 02:07:05.797 PM] [32minfo[39m: 	[32m[39m

[32mServer is up 🚀[39m
[32m[39m
[2024-01-15 02:07:05.856 PM] [32minfo[39m: 	[32m[39m
[32m💫 DB Connected 💫[39m
[32m[39m
[2024-01-15 02:07:15.471 PM] [32minfo[39m: 	[32mInfo message[39m
[2024-01-15 02:07:15.473 PM] [31merror[39m: 	[31mError message[39m
[2024-01-15 02:07:15.473 PM] [33mwarn[39m: 	[33mWarning message[39m
[2024-01-15 02:07:15.482 PM] [32minfo[39m: 	[32m[39m

[32mServer is up 🚀[39m
[32m[39m
[2024-01-15 02:07:15.545 PM] [32minfo[39m: 	[32m[39m
[32m💫 DB Connected 💫[39m
[32m[39m
[2024-01-15 02:07:40.042 PM] [32minfo[39m: 	[32mInfo message[39m
[2024-01-15 02:07:40.044 PM] [31merror[39m: 	[31mError message[39m
[2024-01-15 02:07:40.045 PM] [33mwarn[39m: 	[33mWarning message[39m
[2024-01-15 02:07:40.055 PM] [32minfo[39m: 	[32m[39m

[32mServer is up 🚀[39m
[32m[39m
[2024-01-15 02:07:40.118 PM] [32minfo[39m: 	[32m[39m
[32m💫 DB Connected 💫[39m
[32m[39m
[2024-01-15 02:09:24.270 PM] [32minfo[39m: 	[32mInfo message[39m
[2024-01-15 02:09:24.272 PM] [31merror[39m: 	[31mError message[39m
[2024-01-15 02:09:24.272 PM] [33mwarn[39m: 	[33mWarning message[39m
[2024-01-15 02:09:24.281 PM] [32minfo[39m: 	[32m[39m

[32mServer is up 🚀[39m
[32m[39m
[2024-01-15 02:09:24.342 PM] [32minfo[39m: 	[32m[39m
[32m💫 DB Connected 💫[39m
[32m[39m
[2024-01-15 02:11:12.726 PM] [32minfo[39m: 	[32mInfo message[39m
[2024-01-15 02:11:12.729 PM] [31merror[39m: 	[31mError message[39m
[2024-01-15 02:11:12.729 PM] [33mwarn[39m: 	[33mWarning message[39m
[2024-01-15 02:11:12.740 PM] [32minfo[39m: 	[32m[39m

[32mServer is up 🚀[39m
[32m[39m
[2024-01-15 02:11:12.815 PM] [32minfo[39m: 	[32m[39m
[32m💫 DB Connected 💫[39m
[32m[39m
[2024-01-15 02:11:16.289 PM] [32minfo[39m: 	[32mInfo message[39m
[2024-01-15 02:11:16.291 PM] [31merror[39m: 	[31mError message[39m
[2024-01-15 02:11:16.291 PM] [33mwarn[39m: 	[33mWarning message[39m
[2024-01-15 02:11:16.300 PM] [32minfo[39m: 	[32m[39m

[32mServer is up 🚀[39m
[32m[39m
[2024-01-15 02:11:16.364 PM] [32minfo[39m: 	[32m[39m
[32m💫 DB Connected 💫[39m
[32m[39m
[2024-01-15 02:12:13.397 PM] [32minfo[39m: 	[32mInfo message[39m
[2024-01-15 02:12:13.399 PM] [31merror[39m: 	[31mError message[39m
[2024-01-15 02:12:13.399 PM] [33mwarn[39m: 	[33mWarning message[39m
[2024-01-15 02:12:13.408 PM] [32minfo[39m: 	[32m[39m

[32mServer is up 🚀[39m
[32m[39m
[2024-01-15 02:12:13.466 PM] [32minfo[39m: 	[32m[39m
[32m💫 DB Connected 💫[39m
[32m[39m
[2024-01-15 02:12:46.444 PM] [32minfo[39m: 	[32mInfo message[39m
[2024-01-15 02:12:46.446 PM] [31merror[39m: 	[31mError message[39m
[2024-01-15 02:12:46.447 PM] [33mwarn[39m: 	[33mWarning message[39m
[2024-01-15 02:12:46.456 PM] [32minfo[39m: 	[32m[39m

[32mServer is up 🚀[39m
[32m[39m
[2024-01-15 02:12:46.532 PM] [32minfo[39m: 	[32m[39m
[32m💫 DB Connected 💫[39m
[32m[39m
[2024-01-15 02:12:50.369 PM] [32minfo[39m: 	[32mInfo message[39m
[2024-01-15 02:12:50.372 PM] [31merror[39m: 	[31mError message[39m
[2024-01-15 02:12:50.373 PM] [33mwarn[39m: 	[33mWarning message[39m
[2024-01-15 02:12:50.385 PM] [32minfo[39m: 	[32m[39m

[32mServer is up 🚀[39m
[32m[39m
[2024-01-15 02:12:50.461 PM] [32minfo[39m: 	[32m[39m
[32m💫 DB Connected 💫[39m
[32m[39m
[2024-01-15 03:20:03.949 PM] [32minfo[39m: 	[32mInfo message[39m
[2024-01-15 03:20:03.953 PM] [31merror[39m: 	[31mError message[39m
[2024-01-15 03:20:03.954 PM] [33mwarn[39m: 	[33mWarning message[39m
[2024-01-15 03:20:03.981 PM] [32minfo[39m: 	[32m[39m

[32mServer is up 🚀[39m
[32m[39m
[2024-01-15 03:20:04.132 PM] [32minfo[39m: 	[32m[39m
[32m💫 DB Connected 💫[39m
[32m[39m
[2024-01-15 03:21:31.598 PM] [32minfo[39m: 	[32mInfo message[39m
[2024-01-15 03:21:31.601 PM] [31merror[39m: 	[31mError message[39m
[2024-01-15 03:21:31.602 PM] [33mwarn[39m: 	[33mWarning message[39m
[2024-01-15 03:21:31.620 PM] [32minfo[39m: 	[32m[39m

[32mServer is up 🚀[39m
[32m[39m
[2024-01-15 03:21:31.781 PM] [32minfo[39m: 	[32m[39m
[32m💫 DB Connected 💫[39m
[32m[39m
[2024-01-15 03:21:46.175 PM] [32minfo[39m: 	[32mInfo message[39m
[2024-01-15 03:21:46.179 PM] [31merror[39m: 	[31mError message[39m
[2024-01-15 03:21:46.180 PM] [33mwarn[39m: 	[33mWarning message[39m
[2024-01-15 03:21:46.198 PM] [32minfo[39m: 	[32m[39m

[32mServer is up 🚀[39m
[32m[39m
[2024-01-15 03:21:46.352 PM] [32minfo[39m: 	[32m[39m
[32m💫 DB Connected 💫[39m
[32m[39m
[2024-01-15 03:22:09.115 PM] [32minfo[39m: 	[32mInfo message[39m
[2024-01-15 03:22:09.119 PM] [31merror[39m: 	[31mError message[39m
[2024-01-15 03:22:09.120 PM] [33mwarn[39m: 	[33mWarning message[39m
[2024-01-15 03:22:09.138 PM] [32minfo[39m: 	[32m[39m

[32mServer is up 🚀[39m
[32m[39m
[2024-01-15 03:22:09.267 PM] [32minfo[39m: 	[32m[39m
[32m💫 DB Connected 💫[39m
[32m[39m
[2024-01-15 03:22:17.276 PM] [32minfo[39m: 	[32mInfo message[39m
[2024-01-15 03:22:17.279 PM] [31merror[39m: 	[31mError message[39m
[2024-01-15 03:22:17.280 PM] [33mwarn[39m: 	[33mWarning message[39m
[2024-01-15 03:22:17.299 PM] [32minfo[39m: 	[32m[39m

[32mServer is up 🚀[39m
[32m[39m
[2024-01-15 03:22:17.475 PM] [32minfo[39m: 	[32m[39m
[32m💫 DB Connected 💫[39m
[32m[39m
[2024-01-15 03:22:42.679 PM] [32minfo[39m: 	[32mInfo message[39m
[2024-01-15 03:22:42.682 PM] [31merror[39m: 	[31mError message[39m
[2024-01-15 03:22:42.683 PM] [33mwarn[39m: 	[33mWarning message[39m
[2024-01-15 03:22:42.701 PM] [32minfo[39m: 	[32m[39m

[32mServer is up 🚀[39m
[32m[39m
[2024-01-15 03:22:42.872 PM] [32minfo[39m: 	[32m[39m
[32m💫 DB Connected 💫[39m
[32m[39m
[2024-01-15 03:22:52.363 PM] [32minfo[39m: 	[32mInfo message[39m
[2024-01-15 03:22:52.371 PM] [31merror[39m: 	[31mError message[39m
[2024-01-15 03:22:52.373 PM] [33mwarn[39m: 	[33mWarning message[39m
[2024-01-15 03:22:52.405 PM] [32minfo[39m: 	[32m[39m

[32mServer is up 🚀[39m
[32m[39m
[2024-01-15 03:22:52.598 PM] [32minfo[39m: 	[32m[39m
[32m💫 DB Connected 💫[39m
[32m[39m
[2024-01-15 03:23:16.215 PM] [32minfo[39m: 	[32mInfo message[39m
[2024-01-15 03:23:16.218 PM] [31merror[39m: 	[31mError message[39m
[2024-01-15 03:23:16.219 PM] [33mwarn[39m: 	[33mWarning message[39m
[2024-01-15 03:23:16.238 PM] [32minfo[39m: 	[32m[39m

[32mServer is up 🚀[39m
[32m[39m
[2024-01-15 03:23:16.410 PM] [32minfo[39m: 	[32m[39m
[32m💫 DB Connected 💫[39m
[32m[39m
[2024-01-15 03:24:04.599 PM] [32minfo[39m: 	[32mInfo message[39m
[2024-01-15 03:24:04.602 PM] [31merror[39m: 	[31mError message[39m
[2024-01-15 03:24:04.603 PM] [33mwarn[39m: 	[33mWarning message[39m
[2024-01-15 03:24:04.621 PM] [32minfo[39m: 	[32m[39m

[32mServer is up 🚀[39m
[32m[39m
[2024-01-15 03:24:04.731 PM] [32minfo[39m: 	[32m[39m
[32m💫 DB Connected 💫[39m
[32m[39m
[2024-01-15 03:29:51.695 PM] [32minfo[39m: 	[32mInfo message[39m
[2024-01-15 03:29:51.701 PM] [31merror[39m: 	[31mError message[39m
[2024-01-15 03:29:51.702 PM] [33mwarn[39m: 	[33mWarning message[39m
[2024-01-15 03:29:51.739 PM] [32minfo[39m: 	[32m[39m

[32mServer is up 🚀[39m
[32m[39m
[2024-01-15 03:29:51.909 PM] [32minfo[39m: 	[32m[39m
[32m💫 DB Connected 💫[39m
[32m[39m
[2024-01-15 03:32:04.997 PM] [32minfo[39m: 	[32mInfo message[39m
[2024-01-15 03:32:05.001 PM] [31merror[39m: 	[31mError message[39m
[2024-01-15 03:32:05.002 PM] [33mwarn[39m: 	[33mWarning message[39m
[2024-01-15 03:32:05.024 PM] [32minfo[39m: 	[32m[39m

[32mServer is up 🚀[39m
[32m[39m
[2024-01-15 03:32:05.152 PM] [32minfo[39m: 	[32m[39m
[32m💫 DB Connected 💫[39m
[32m[39m
[2024-01-15 03:32:58.556 PM] [32minfo[39m: 	[32mInfo message[39m
[2024-01-15 03:32:58.560 PM] [31merror[39m: 	[31mError message[39m
[2024-01-15 03:32:58.561 PM] [33mwarn[39m: 	[33mWarning message[39m
[2024-01-15 03:32:58.579 PM] [32minfo[39m: 	[32m[39m

[32mServer is up 🚀[39m
[32m[39m
[2024-01-15 03:32:58.728 PM] [32minfo[39m: 	[32m[39m
[32m💫 DB Connected 💫[39m
[32m[39m
[2024-01-15 03:33:20.716 PM] [32minfo[39m: 	[32mInfo message[39m
[2024-01-15 03:33:20.719 PM] [31merror[39m: 	[31mError message[39m
[2024-01-15 03:33:20.720 PM] [33mwarn[39m: 	[33mWarning message[39m
[2024-01-15 03:33:20.737 PM] [32minfo[39m: 	[32m[39m

[32mServer is up 🚀[39m
[32m[39m
[2024-01-15 03:33:20.903 PM] [32minfo[39m: 	[32m[39m
[32m💫 DB Connected 💫[39m
[32m[39m
[2024-01-15 03:34:38.096 PM] [32minfo[39m: 	[32mInfo message[39m
[2024-01-15 03:34:38.100 PM] [31merror[39m: 	[31mError message[39m
[2024-01-15 03:34:38.100 PM] [33mwarn[39m: 	[33mWarning message[39m
[2024-01-15 03:34:38.118 PM] [32minfo[39m: 	[32m[39m

[32mServer is up 🚀[39m
[32m[39m
[2024-01-15 03:34:38.241 PM] [32minfo[39m: 	[32m[39m
[32m💫 DB Connected 💫[39m
[32m[39m
[2024-01-15 03:36:18.959 PM] [32minfo[39m: 	[32mInfo message[39m
[2024-01-15 03:36:18.964 PM] [31merror[39m: 	[31mError message[39m
[2024-01-15 03:36:18.965 PM] [33mwarn[39m: 	[33mWarning message[39m
[2024-01-15 03:36:18.987 PM] [32minfo[39m: 	[32m[39m

[32mServer is up 🚀[39m
[32m[39m
[2024-01-15 03:36:19.147 PM] [32minfo[39m: 	[32m[39m
[32m💫 DB Connected 💫[39m
[32m[39m
[2024-01-15 03:37:38.728 PM] [32minfo[39m: 	[32mInfo message[39m
[2024-01-15 03:37:38.732 PM] [31merror[39m: 	[31mError message[39m
[2024-01-15 03:37:38.732 PM] [33mwarn[39m: 	[33mWarning message[39m
[2024-01-15 03:37:38.751 PM] [32minfo[39m: 	[32m[39m

[32mServer is up 🚀[39m
[32m[39m
[2024-01-15 03:37:38.882 PM] [32minfo[39m: 	[32m[39m
[32m💫 DB Connected 💫[39m
[32m[39m
[2024-01-15 03:38:21.836 PM] [32minfo[39m: 	[32mInfo message[39m
[2024-01-15 03:38:21.839 PM] [31merror[39m: 	[31mError message[39m
[2024-01-15 03:38:21.840 PM] [33mwarn[39m: 	[33mWarning message[39m
[2024-01-15 03:38:21.858 PM] [32minfo[39m: 	[32m[39m

[32mServer is up 🚀[39m
[32m[39m
[2024-01-15 03:38:21.979 PM] [32minfo[39m: 	[32m[39m
[32m💫 DB Connected 💫[39m
[32m[39m
[2024-01-15 03:38:31.841 PM] [32minfo[39m: 	[32mInfo message[39m
[2024-01-15 03:38:31.845 PM] [31merror[39m: 	[31mError message[39m
[2024-01-15 03:38:31.846 PM] [33mwarn[39m: 	[33mWarning message[39m
[2024-01-15 03:38:31.864 PM] [32minfo[39m: 	[32m[39m

[32mServer is up 🚀[39m
[32m[39m
[2024-01-15 03:38:31.976 PM] [32minfo[39m: 	[32m[39m
[32m💫 DB Connected 💫[39m
[32m[39m
[2024-01-15 03:38:48.130 PM] [32minfo[39m: 	[32mInfo message[39m
[2024-01-15 03:38:48.134 PM] [31merror[39m: 	[31mError message[39m
[2024-01-15 03:38:48.135 PM] [33mwarn[39m: 	[33mWarning message[39m
[2024-01-15 03:38:48.158 PM] [32minfo[39m: 	[32m[39m

[32mServer is up 🚀[39m
[32m[39m
[2024-01-15 03:38:48.274 PM] [32minfo[39m: 	[32m[39m
[32m💫 DB Connected 💫[39m
[32m[39m
[2024-01-15 03:39:14.699 PM] [32minfo[39m: 	[32mInfo message[39m
[2024-01-15 03:39:14.702 PM] [31merror[39m: 	[31mError message[39m
[2024-01-15 03:39:14.703 PM] [33mwarn[39m: 	[33mWarning message[39m
[2024-01-15 03:39:14.724 PM] [32minfo[39m: 	[32m[39m

[32mServer is up 🚀[39m
[32m[39m
[2024-01-15 03:39:14.858 PM] [32minfo[39m: 	[32m[39m
[32m💫 DB Connected 💫[39m
[32m[39m
[2024-01-15 03:39:24.905 PM] [32minfo[39m: 	[32mInfo message[39m
[2024-01-15 03:39:24.909 PM] [31merror[39m: 	[31mError message[39m
[2024-01-15 03:39:24.910 PM] [33mwarn[39m: 	[33mWarning message[39m
[2024-01-15 03:39:24.927 PM] [32minfo[39m: 	[32m[39m

[32mServer is up 🚀[39m
[32m[39m
[2024-01-15 03:39:25.053 PM] [32minfo[39m: 	[32m[39m
[32m💫 DB Connected 💫[39m
[32m[39m
[2024-01-15 03:39:33.257 PM] [32minfo[39m: 	[32mInfo message[39m
[2024-01-15 03:39:33.262 PM] [31merror[39m: 	[31mError message[39m
[2024-01-15 03:39:33.264 PM] [33mwarn[39m: 	[33mWarning message[39m
[2024-01-15 03:39:33.286 PM] [32minfo[39m: 	[32m[39m

[32mServer is up 🚀[39m
[32m[39m
[2024-01-15 03:39:33.404 PM] [32minfo[39m: 	[32m[39m
[32m💫 DB Connected 💫[39m
[32m[39m
[2024-01-15 03:39:57.820 PM] [32minfo[39m: 	[32mInfo message[39m
[2024-01-15 03:39:57.824 PM] [31merror[39m: 	[31mError message[39m
[2024-01-15 03:39:57.825 PM] [33mwarn[39m: 	[33mWarning message[39m
[2024-01-15 03:39:57.843 PM] [32minfo[39m: 	[32m[39m

[32mServer is up 🚀[39m
[32m[39m
[2024-01-15 03:39:57.974 PM] [32minfo[39m: 	[32m[39m
[32m💫 DB Connected 💫[39m
[32m[39m
[2024-01-15 03:42:59.291 PM] [32minfo[39m: 	[32mInfo message[39m
[2024-01-15 03:42:59.294 PM] [31merror[39m: 	[31mError message[39m
[2024-01-15 03:42:59.295 PM] [33mwarn[39m: 	[33mWarning message[39m
[2024-01-15 03:42:59.312 PM] [32minfo[39m: 	[32m[39m

[32mServer is up 🚀[39m
[32m[39m
[2024-01-15 03:42:59.467 PM] [32minfo[39m: 	[32m[39m
[32m💫 DB Connected 💫[39m
[32m[39m
[2024-01-15 03:47:57.897 PM] [32minfo[39m: 	[32mInfo message[39m
[2024-01-15 03:47:57.900 PM] [31merror[39m: 	[31mError message[39m
[2024-01-15 03:47:57.901 PM] [33mwarn[39m: 	[33mWarning message[39m
[2024-01-15 03:47:57.919 PM] [32minfo[39m: 	[32m[39m

[32mServer is up 🚀[39m
[32m[39m
[2024-01-15 03:47:58.096 PM] [32minfo[39m: 	[32m[39m
[32m💫 DB Connected 💫[39m
[32m[39m
[2024-01-15 03:48:05.622 PM] [32minfo[39m: 	[32mInfo message[39m
[2024-01-15 03:48:05.625 PM] [31merror[39m: 	[31mError message[39m
[2024-01-15 03:48:05.626 PM] [33mwarn[39m: 	[33mWarning message[39m
[2024-01-15 03:48:05.644 PM] [32minfo[39m: 	[32m[39m

[32mServer is up 🚀[39m
[32m[39m
[2024-01-15 03:48:05.815 PM] [32minfo[39m: 	[32m[39m
[32m💫 DB Connected 💫[39m
[32m[39m
[2024-01-15 03:48:12.527 PM] [32minfo[39m: 	[32mInfo message[39m
[2024-01-15 03:48:12.531 PM] [31merror[39m: 	[31mError message[39m
[2024-01-15 03:48:12.532 PM] [33mwarn[39m: 	[33mWarning message[39m
[2024-01-15 03:48:12.549 PM] [32minfo[39m: 	[32m[39m

[32mServer is up 🚀[39m
[32m[39m
[2024-01-15 03:48:12.680 PM] [32minfo[39m: 	[32m[39m
[32m💫 DB Connected 💫[39m
[32m[39m
[2024-01-15 03:48:57.606 PM] [32minfo[39m: 	[32mInfo message[39m
[2024-01-15 03:48:57.610 PM] [31merror[39m: 	[31mError message[39m
[2024-01-15 03:48:57.611 PM] [33mwarn[39m: 	[33mWarning message[39m
[2024-01-15 03:48:57.629 PM] [32minfo[39m: 	[32m[39m

[32mServer is up 🚀[39m
[32m[39m
[2024-01-15 03:48:57.759 PM] [32minfo[39m: 	[32m[39m
[32m💫 DB Connected 💫[39m
[32m[39m
[2024-01-15 03:49:35.411 PM] [32minfo[39m: 	[32mInfo message[39m
[2024-01-15 03:49:35.415 PM] [31merror[39m: 	[31mError message[39m
[2024-01-15 03:49:35.417 PM] [33mwarn[39m: 	[33mWarning message[39m
[2024-01-15 03:49:35.440 PM] [32minfo[39m: 	[32m[39m

[32mServer is up 🚀[39m
[32m[39m
[2024-01-15 03:49:35.690 PM] [32minfo[39m: 	[32m[39m
[32m💫 DB Connected 💫[39m
[32m[39m
[2024-01-15 03:50:10.370 PM] [32minfo[39m: 	[32mInfo message[39m
[2024-01-15 03:50:10.373 PM] [31merror[39m: 	[31mError message[39m
[2024-01-15 03:50:10.374 PM] [33mwarn[39m: 	[33mWarning message[39m
[2024-01-15 03:50:10.392 PM] [32minfo[39m: 	[32m[39m

[32mServer is up 🚀[39m
[32m[39m
[2024-01-15 03:50:10.530 PM] [32minfo[39m: 	[32m[39m
[32m💫 DB Connected 💫[39m
[32m[39m
[2024-01-15 03:54:05.060 PM] [32minfo[39m: 	[32mInfo message[39m
[2024-01-15 03:54:05.063 PM] [31merror[39m: 	[31mError message[39m
[2024-01-15 03:54:05.064 PM] [33mwarn[39m: 	[33mWarning message[39m
[2024-01-15 03:54:05.085 PM] [32minfo[39m: 	[32m[39m

[32mServer is up 🚀[39m
[32m[39m
[2024-01-15 03:54:05.225 PM] [32minfo[39m: 	[32m[39m
[32m💫 DB Connected 💫[39m
[32m[39m
[2024-01-15 03:54:28.535 PM] [32minfo[39m: 	[32mInfo message[39m
[2024-01-15 03:54:28.540 PM] [31merror[39m: 	[31mError message[39m
[2024-01-15 03:54:28.541 PM] [33mwarn[39m: 	[33mWarning message[39m
[2024-01-15 03:54:28.565 PM] [32minfo[39m: 	[32m[39m

[32mServer is up 🚀[39m
[32m[39m
[2024-01-15 03:54:28.792 PM] [32minfo[39m: 	[32m[39m
[32m💫 DB Connected 💫[39m
[32m[39m
[2024-01-15 03:54:53.625 PM] [32minfo[39m: 	[32mInfo message[39m
[2024-01-15 03:54:53.628 PM] [31merror[39m: 	[31mError message[39m
[2024-01-15 03:54:53.629 PM] [33mwarn[39m: 	[33mWarning message[39m
[2024-01-15 03:54:53.648 PM] [32minfo[39m: 	[32m[39m

[32mServer is up 🚀[39m
[32m[39m
[2024-01-15 03:54:53.831 PM] [32minfo[39m: 	[32m[39m
[32m💫 DB Connected 💫[39m
[32m[39m
[2024-01-15 03:55:57.987 PM] [32minfo[39m: 	[32mInfo message[39m
[2024-01-15 03:55:57.991 PM] [31merror[39m: 	[31mError message[39m
[2024-01-15 03:55:57.992 PM] [33mwarn[39m: 	[33mWarning message[39m
[2024-01-15 03:55:58.011 PM] [32minfo[39m: 	[32m[39m

[32mServer is up 🚀[39m
[32m[39m
[2024-01-15 03:55:58.163 PM] [32minfo[39m: 	[32m[39m
[32m💫 DB Connected 💫[39m
[32m[39m
[2024-01-15 03:57:16.463 PM] [32minfo[39m: 	[32mInfo message[39m
[2024-01-15 03:57:16.466 PM] [31merror[39m: 	[31mError message[39m
[2024-01-15 03:57:16.467 PM] [33mwarn[39m: 	[33mWarning message[39m
[2024-01-15 03:57:16.485 PM] [32minfo[39m: 	[32m[39m

[32mServer is up 🚀[39m
[32m[39m
[2024-01-15 03:57:16.621 PM] [32minfo[39m: 	[32m[39m
[32m💫 DB Connected 💫[39m
[32m[39m
[2024-01-15 03:59:55.531 PM] [32minfo[39m: 	[32mInfo message[39m
[2024-01-15 03:59:55.534 PM] [31merror[39m: 	[31mError message[39m
[2024-01-15 03:59:55.535 PM] [33mwarn[39m: 	[33mWarning message[39m
[2024-01-15 03:59:55.553 PM] [32minfo[39m: 	[32m[39m

[32mServer is up 🚀[39m
[32m[39m
[2024-01-15 03:59:55.712 PM] [32minfo[39m: 	[32m[39m
[32m💫 DB Connected 💫[39m
[32m[39m
